<?xml version="1.0" encoding="utf-8"?>
<coverage line-rate="0.7872" branch-rate="0.3333" version="1.9" timestamp="1774727079" lines-covered="529" lines-valid="672" branches-covered="4" branches-valid="12">
  <sources>
    <source>I:\Projects\TriVita\HealthcarePlatform\PharmacyService\</source>
  </sources>
  <packages>
    <package name="PharmacyService.API" line-rate="0.12960000000000002" branch-rate="1" complexity="23">
      <classes>
        <class name="PharmacyService.API.Controllers.v1.InfoController" filename="PharmacyService.API\Controllers\v1\InfoController.cs" line-rate="1" branch-rate="1" complexity="2">
          <methods>
            <method name="Get" signature="()" line-rate="1" branch-rate="1" complexity="1">
              <lines>
                <line number="35" hits="1" branch="False" />
              </lines>
            </method>
            <method name=".ctor" signature="(PharmacyService.Application.Services.IInfoService)" line-rate="1" branch-rate="1" complexity="1">
              <lines>
                <line number="23" hits="1" branch="False" />
                <line number="24" hits="1" branch="False" />
                <line number="25" hits="1" branch="False" />
                <line number="26" hits="1" branch="False" />
              </lines>
            </method>
          </methods>
          <lines>
            <line number="35" hits="1" branch="False" />
            <line number="23" hits="1" branch="False" />
            <line number="24" hits="1" branch="False" />
            <line number="25" hits="1" branch="False" />
            <line number="26" hits="1" branch="False" />
          </lines>
        </class>
        <class name="PharmacyService.API.Controllers.v1.LmsInventoryIntegrationController" filename="PharmacyService.API\Controllers\v1\LmsInventoryIntegrationController.cs" line-rate="0" branch-rate="1" complexity="1">
          <methods>
            <method name=".ctor" signature="(PharmacyService.Application.Services.ILmsInventoryIntegrationService,Healthcare.Common.MultiTenancy.ITenantContext,Microsoft.Extensions.Logging.ILogger`1&lt;PharmacyService.API.Controllers.v1.LmsInventoryIntegrationController&gt;)" line-rate="0" branch-rate="1" complexity="1">
              <lines>
                <line number="24" hits="0" branch="False" />
                <line number="25" hits="0" branch="False" />
                <line number="26" hits="0" branch="False" />
                <line number="27" hits="0" branch="False" />
                <line number="28" hits="0" branch="False" />
                <line number="29" hits="0" branch="False" />
                <line number="30" hits="0" branch="False" />
                <line number="31" hits="0" branch="False" />
                <line number="32" hits="0" branch="False" />
              </lines>
            </method>
          </methods>
          <lines>
            <line number="24" hits="0" branch="False" />
            <line number="25" hits="0" branch="False" />
            <line number="26" hits="0" branch="False" />
            <line number="27" hits="0" branch="False" />
            <line number="28" hits="0" branch="False" />
            <line number="29" hits="0" branch="False" />
            <line number="30" hits="0" branch="False" />
            <line number="31" hits="0" branch="False" />
            <line number="32" hits="0" branch="False" />
          </lines>
        </class>
        <class name="PharmacyService.API.Controllers.v1.Entities.BatchStockController" filename="PharmacyService.API\Controllers\v1\Entities\BatchStockController.cs" line-rate="0" branch-rate="1" complexity="1">
          <methods>
            <method name=".ctor" signature="(PharmacyService.Application.Services.Entities.IPhrBatchStockService,Healthcare.Common.MultiTenancy.ITenantContext,Microsoft.Extensions.Logging.ILogger`1&lt;PharmacyService.API.Controllers.v1.Entities.BatchStockController&gt;)" line-rate="0" branch-rate="1" complexity="1">
              <lines>
                <line number="26" hits="0" branch="False" />
                <line number="27" hits="0" branch="False" />
              </lines>
            </method>
          </methods>
          <lines>
            <line number="26" hits="0" branch="False" />
            <line number="27" hits="0" branch="False" />
          </lines>
        </class>
        <class name="PharmacyService.API.Controllers.v1.Entities.CompositionController" filename="PharmacyService.API\Controllers\v1\Entities\CompositionController.cs" line-rate="0" branch-rate="1" complexity="1">
          <methods>
            <method name=".ctor" signature="(PharmacyService.Application.Services.Entities.IPhrCompositionService,Healthcare.Common.MultiTenancy.ITenantContext,Microsoft.Extensions.Logging.ILogger`1&lt;PharmacyService.API.Controllers.v1.Entities.CompositionController&gt;)" line-rate="0" branch-rate="1" complexity="1">
              <lines>
                <line number="26" hits="0" branch="False" />
                <line number="27" hits="0" branch="False" />
              </lines>
            </method>
          </methods>
          <lines>
            <line number="26" hits="0" branch="False" />
            <line number="27" hits="0" branch="False" />
          </lines>
        </class>
        <class name="PharmacyService.API.Controllers.v1.Entities.ExpiryTrackingController" filename="PharmacyService.API\Controllers\v1\Entities\ExpiryTrackingController.cs" line-rate="0" branch-rate="1" complexity="1">
          <methods>
            <method name=".ctor" signature="(PharmacyService.Application.Services.Entities.IPhrExpiryTrackingService,Healthcare.Common.MultiTenancy.ITenantContext,Microsoft.Extensions.Logging.ILogger`1&lt;PharmacyService.API.Controllers.v1.Entities.ExpiryTrackingController&gt;)" line-rate="0" branch-rate="1" complexity="1">
              <lines>
                <line number="26" hits="0" branch="False" />
                <line number="27" hits="0" branch="False" />
              </lines>
            </method>
          </methods>
          <lines>
            <line number="26" hits="0" branch="False" />
            <line number="27" hits="0" branch="False" />
          </lines>
        </class>
        <class name="PharmacyService.API.Controllers.v1.Entities.GoodsReceiptController" filename="PharmacyService.API\Controllers\v1\Entities\GoodsReceiptController.cs" line-rate="0" branch-rate="1" complexity="1">
          <methods>
            <method name=".ctor" signature="(PharmacyService.Application.Services.Entities.IPhrGoodsReceiptService,Healthcare.Common.MultiTenancy.ITenantContext,Microsoft.Extensions.Logging.ILogger`1&lt;PharmacyService.API.Controllers.v1.Entities.GoodsReceiptController&gt;)" line-rate="0" branch-rate="1" complexity="1">
              <lines>
                <line number="26" hits="0" branch="False" />
                <line number="27" hits="0" branch="False" />
              </lines>
            </method>
          </methods>
          <lines>
            <line number="26" hits="0" branch="False" />
            <line number="27" hits="0" branch="False" />
          </lines>
        </class>
        <class name="PharmacyService.API.Controllers.v1.Entities.GoodsReceiptItemController" filename="PharmacyService.API\Controllers\v1\Entities\GoodsReceiptItemController.cs" line-rate="0" branch-rate="1" complexity="1">
          <methods>
            <method name=".ctor" signature="(PharmacyService.Application.Services.Entities.IPhrGoodsReceiptItemService,Healthcare.Common.MultiTenancy.ITenantContext,Microsoft.Extensions.Logging.ILogger`1&lt;PharmacyService.API.Controllers.v1.Entities.GoodsReceiptItemController&gt;)" line-rate="0" branch-rate="1" complexity="1">
              <lines>
                <line number="26" hits="0" branch="False" />
                <line number="27" hits="0" branch="False" />
              </lines>
            </method>
          </methods>
          <lines>
            <line number="26" hits="0" branch="False" />
            <line number="27" hits="0" branch="False" />
          </lines>
        </class>
        <class name="PharmacyService.API.Controllers.v1.Entities.ManufacturerController" filename="PharmacyService.API\Controllers\v1\Entities\ManufacturerController.cs" line-rate="0" branch-rate="1" complexity="1">
          <methods>
            <method name=".ctor" signature="(PharmacyService.Application.Services.Entities.IPhrManufacturerService,Healthcare.Common.MultiTenancy.ITenantContext,Microsoft.Extensions.Logging.ILogger`1&lt;PharmacyService.API.Controllers.v1.Entities.ManufacturerController&gt;)" line-rate="0" branch-rate="1" complexity="1">
              <lines>
                <line number="26" hits="0" branch="False" />
                <line number="27" hits="0" branch="False" />
              </lines>
            </method>
          </methods>
          <lines>
            <line number="26" hits="0" branch="False" />
            <line number="27" hits="0" branch="False" />
          </lines>
        </class>
        <class name="PharmacyService.API.Controllers.v1.Entities.MedicineBatchController" filename="PharmacyService.API\Controllers\v1\Entities\MedicineBatchController.cs" line-rate="0" branch-rate="1" complexity="1">
          <methods>
            <method name=".ctor" signature="(PharmacyService.Application.Services.Entities.IPhrMedicineBatchService,Healthcare.Common.MultiTenancy.ITenantContext,Microsoft.Extensions.Logging.ILogger`1&lt;PharmacyService.API.Controllers.v1.Entities.MedicineBatchController&gt;)" line-rate="0" branch-rate="1" complexity="1">
              <lines>
                <line number="26" hits="0" branch="False" />
                <line number="27" hits="0" branch="False" />
              </lines>
            </method>
          </methods>
          <lines>
            <line number="26" hits="0" branch="False" />
            <line number="27" hits="0" branch="False" />
          </lines>
        </class>
        <class name="PharmacyService.API.Controllers.v1.Entities.MedicineCategoryController" filename="PharmacyService.API\Controllers\v1\Entities\MedicineCategoryController.cs" line-rate="1" branch-rate="1" complexity="1">
          <methods>
            <method name=".ctor" signature="(PharmacyService.Application.Services.Entities.IPhrMedicineCategoryService,Healthcare.Common.MultiTenancy.ITenantContext,Microsoft.Extensions.Logging.ILogger`1&lt;PharmacyService.API.Controllers.v1.Entities.MedicineCategoryController&gt;)" line-rate="1" branch-rate="1" complexity="1">
              <lines>
                <line number="26" hits="1" branch="False" />
                <line number="27" hits="5" branch="False" />
              </lines>
            </method>
          </methods>
          <lines>
            <line number="26" hits="1" branch="False" />
            <line number="27" hits="5" branch="False" />
          </lines>
        </class>
        <class name="PharmacyService.API.Controllers.v1.Entities.MedicineCompositionController" filename="PharmacyService.API\Controllers\v1\Entities\MedicineCompositionController.cs" line-rate="0" branch-rate="1" complexity="1">
          <methods>
            <method name=".ctor" signature="(PharmacyService.Application.Services.Entities.IPhrMedicineCompositionService,Healthcare.Common.MultiTenancy.ITenantContext,Microsoft.Extensions.Logging.ILogger`1&lt;PharmacyService.API.Controllers.v1.Entities.MedicineCompositionController&gt;)" line-rate="0" branch-rate="1" complexity="1">
              <lines>
                <line number="26" hits="0" branch="False" />
                <line number="27" hits="0" branch="False" />
              </lines>
            </method>
          </methods>
          <lines>
            <line number="26" hits="0" branch="False" />
            <line number="27" hits="0" branch="False" />
          </lines>
        </class>
        <class name="PharmacyService.API.Controllers.v1.Entities.MedicineController" filename="PharmacyService.API\Controllers\v1\Entities\MedicineController.cs" line-rate="0" branch-rate="1" complexity="1">
          <methods>
            <method name=".ctor" signature="(PharmacyService.Application.Services.Entities.IPhrMedicineService,Healthcare.Common.MultiTenancy.ITenantContext,Microsoft.Extensions.Logging.ILogger`1&lt;PharmacyService.API.Controllers.v1.Entities.MedicineController&gt;)" line-rate="0" branch-rate="1" complexity="1">
              <lines>
                <line number="26" hits="0" branch="False" />
                <line number="27" hits="0" branch="False" />
              </lines>
            </method>
          </methods>
          <lines>
            <line number="26" hits="0" branch="False" />
            <line number="27" hits="0" branch="False" />
          </lines>
        </class>
        <class name="PharmacyService.API.Controllers.v1.Entities.PharmacySaleController" filename="PharmacyService.API\Controllers\v1\Entities\PharmacySaleController.cs" line-rate="0" branch-rate="1" complexity="1">
          <methods>
            <method name=".ctor" signature="(PharmacyService.Application.Services.Entities.IPhrPharmacySaleService,Healthcare.Common.MultiTenancy.ITenantContext,Microsoft.Extensions.Logging.ILogger`1&lt;PharmacyService.API.Controllers.v1.Entities.PharmacySaleController&gt;)" line-rate="0" branch-rate="1" complexity="1">
              <lines>
                <line number="26" hits="0" branch="False" />
                <line number="27" hits="0" branch="False" />
              </lines>
            </method>
          </methods>
          <lines>
            <line number="26" hits="0" branch="False" />
            <line number="27" hits="0" branch="False" />
          </lines>
        </class>
        <class name="PharmacyService.API.Controllers.v1.Entities.PharmacySalesItemController" filename="PharmacyService.API\Controllers\v1\Entities\PharmacySalesItemController.cs" line-rate="0" branch-rate="1" complexity="1">
          <methods>
            <method name=".ctor" signature="(PharmacyService.Application.Services.Entities.IPhrPharmacySalesItemService,Healthcare.Common.MultiTenancy.ITenantContext,Microsoft.Extensions.Logging.ILogger`1&lt;PharmacyService.API.Controllers.v1.Entities.PharmacySalesItemController&gt;)" line-rate="0" branch-rate="1" complexity="1">
              <lines>
                <line number="26" hits="0" branch="False" />
                <line number="27" hits="0" branch="False" />
              </lines>
            </method>
          </methods>
          <lines>
            <line number="26" hits="0" branch="False" />
            <line number="27" hits="0" branch="False" />
          </lines>
        </class>
        <class name="PharmacyService.API.Controllers.v1.Entities.PrescriptionMappingController" filename="PharmacyService.API\Controllers\v1\Entities\PrescriptionMappingController.cs" line-rate="0" branch-rate="1" complexity="1">
          <methods>
            <method name=".ctor" signature="(PharmacyService.Application.Services.Entities.IPhrPrescriptionMappingService,Healthcare.Common.MultiTenancy.ITenantContext,Microsoft.Extensions.Logging.ILogger`1&lt;PharmacyService.API.Controllers.v1.Entities.PrescriptionMappingController&gt;)" line-rate="0" branch-rate="1" complexity="1">
              <lines>
                <line number="26" hits="0" branch="False" />
                <line number="27" hits="0" branch="False" />
              </lines>
            </method>
          </methods>
          <lines>
            <line number="26" hits="0" branch="False" />
            <line number="27" hits="0" branch="False" />
          </lines>
        </class>
        <class name="PharmacyService.API.Controllers.v1.Entities.PurchaseOrderController" filename="PharmacyService.API\Controllers\v1\Entities\PurchaseOrderController.cs" line-rate="0" branch-rate="1" complexity="1">
          <methods>
            <method name=".ctor" signature="(PharmacyService.Application.Services.Entities.IPhrPurchaseOrderService,Healthcare.Common.MultiTenancy.ITenantContext,Microsoft.Extensions.Logging.ILogger`1&lt;PharmacyService.API.Controllers.v1.Entities.PurchaseOrderController&gt;)" line-rate="0" branch-rate="1" complexity="1">
              <lines>
                <line number="26" hits="0" branch="False" />
                <line number="27" hits="0" branch="False" />
              </lines>
            </method>
          </methods>
          <lines>
            <line number="26" hits="0" branch="False" />
            <line number="27" hits="0" branch="False" />
          </lines>
        </class>
        <class name="PharmacyService.API.Controllers.v1.Entities.PurchaseOrderItemController" filename="PharmacyService.API\Controllers\v1\Entities\PurchaseOrderItemController.cs" line-rate="0" branch-rate="1" complexity="1">
          <methods>
            <method name=".ctor" signature="(PharmacyService.Application.Services.Entities.IPhrPurchaseOrderItemService,Healthcare.Common.MultiTenancy.ITenantContext,Microsoft.Extensions.Logging.ILogger`1&lt;PharmacyService.API.Controllers.v1.Entities.PurchaseOrderItemController&gt;)" line-rate="0" branch-rate="1" complexity="1">
              <lines>
                <line number="26" hits="0" branch="False" />
                <line number="27" hits="0" branch="False" />
              </lines>
            </method>
          </methods>
          <lines>
            <line number="26" hits="0" branch="False" />
            <line number="27" hits="0" branch="False" />
          </lines>
        </class>
        <class name="PharmacyService.API.Controllers.v1.Entities.StockAdjustmentController" filename="PharmacyService.API\Controllers\v1\Entities\StockAdjustmentController.cs" line-rate="0" branch-rate="1" complexity="1">
          <methods>
            <method name=".ctor" signature="(PharmacyService.Application.Services.Entities.IPhrStockAdjustmentService,Healthcare.Common.MultiTenancy.ITenantContext,Microsoft.Extensions.Logging.ILogger`1&lt;PharmacyService.API.Controllers.v1.Entities.StockAdjustmentController&gt;)" line-rate="0" branch-rate="1" complexity="1">
              <lines>
                <line number="26" hits="0" branch="False" />
                <line number="27" hits="0" branch="False" />
              </lines>
            </method>
          </methods>
          <lines>
            <line number="26" hits="0" branch="False" />
            <line number="27" hits="0" branch="False" />
          </lines>
        </class>
        <class name="PharmacyService.API.Controllers.v1.Entities.StockAdjustmentItemController" filename="PharmacyService.API\Controllers\v1\Entities\StockAdjustmentItemController.cs" line-rate="0" branch-rate="1" complexity="1">
          <methods>
            <method name=".ctor" signature="(PharmacyService.Application.Services.Entities.IPhrStockAdjustmentItemService,Healthcare.Common.MultiTenancy.ITenantContext,Microsoft.Extensions.Logging.ILogger`1&lt;PharmacyService.API.Controllers.v1.Entities.StockAdjustmentItemController&gt;)" line-rate="0" branch-rate="1" complexity="1">
              <lines>
                <line number="26" hits="0" branch="False" />
                <line number="27" hits="0" branch="False" />
              </lines>
            </method>
          </methods>
          <lines>
            <line number="26" hits="0" branch="False" />
            <line number="27" hits="0" branch="False" />
          </lines>
        </class>
        <class name="PharmacyService.API.Controllers.v1.Entities.StockLedgerController" filename="PharmacyService.API\Controllers\v1\Entities\StockLedgerController.cs" line-rate="0" branch-rate="1" complexity="1">
          <methods>
            <method name=".ctor" signature="(PharmacyService.Application.Services.Entities.IPhrStockLedgerService,Healthcare.Common.MultiTenancy.ITenantContext,Microsoft.Extensions.Logging.ILogger`1&lt;PharmacyService.API.Controllers.v1.Entities.StockLedgerController&gt;)" line-rate="0" branch-rate="1" complexity="1">
              <lines>
                <line number="26" hits="0" branch="False" />
                <line number="27" hits="0" branch="False" />
              </lines>
            </method>
          </methods>
          <lines>
            <line number="26" hits="0" branch="False" />
            <line number="27" hits="0" branch="False" />
          </lines>
        </class>
        <class name="PharmacyService.API.Controllers.v1.Entities.StockTransferController" filename="PharmacyService.API\Controllers\v1\Entities\StockTransferController.cs" line-rate="0" branch-rate="1" complexity="1">
          <methods>
            <method name=".ctor" signature="(PharmacyService.Application.Services.Entities.IPhrStockTransferService,Healthcare.Common.MultiTenancy.ITenantContext,Microsoft.Extensions.Logging.ILogger`1&lt;PharmacyService.API.Controllers.v1.Entities.StockTransferController&gt;)" line-rate="0" branch-rate="1" complexity="1">
              <lines>
                <line number="26" hits="0" branch="False" />
                <line number="27" hits="0" branch="False" />
              </lines>
            </method>
          </methods>
          <lines>
            <line number="26" hits="0" branch="False" />
            <line number="27" hits="0" branch="False" />
          </lines>
        </class>
        <class name="PharmacyService.API.Controllers.v1.Entities.StockTransferItemController" filename="PharmacyService.API\Controllers\v1\Entities\StockTransferItemController.cs" line-rate="0" branch-rate="1" complexity="1">
          <methods>
            <method name=".ctor" signature="(PharmacyService.Application.Services.Entities.IPhrStockTransferItemService,Healthcare.Common.MultiTenancy.ITenantContext,Microsoft.Extensions.Logging.ILogger`1&lt;PharmacyService.API.Controllers.v1.Entities.StockTransferItemController&gt;)" line-rate="0" branch-rate="1" complexity="1">
              <lines>
                <line number="26" hits="0" branch="False" />
                <line number="27" hits="0" branch="False" />
              </lines>
            </method>
          </methods>
          <lines>
            <line number="26" hits="0" branch="False" />
            <line number="27" hits="0" branch="False" />
          </lines>
        </class>
      </classes>
    </package>
    <package name="PharmacyService.Application" line-rate="0.8445999999999999" branch-rate="0.3333" complexity="86">
      <classes>
        <class name="PharmacyService.Application.DependencyInjection" filename="PharmacyService.Application\DependencyInjection.cs" line-rate="1" branch-rate="1" complexity="5">
          <methods>
            <method name="AddPharmacyApplication" signature="(Microsoft.Extensions.DependencyInjection.IServiceCollection)" line-rate="1" branch-rate="1" complexity="1">
              <lines>
                <line number="14" hits="1" branch="False" />
                <line number="15" hits="1" branch="False" />
                <line number="16" hits="1" branch="False" />
                <line number="17" hits="1" branch="False" />
                <line number="19" hits="1" branch="False" />
                <line number="20" hits="1" branch="False" />
                <line number="21" hits="1" branch="False" />
                <line number="23" hits="1" branch="False" />
                <line number="25" hits="1" branch="False" />
                <line number="26" hits="1" branch="False" />
              </lines>
            </method>
            <method name="RegisterEntityCrudServices" signature="(Microsoft.Extensions.DependencyInjection.IServiceCollection)" line-rate="1" branch-rate="1" complexity="4">
              <lines>
                <line number="29" hits="1" branch="False" />
                <line number="31" hits="1" branch="False" />
                <line number="32" hits="43" branch="True" condition-coverage="100% (2/2)">
                  <conditions>
                    <condition number="137" type="jump" coverage="100%" />
                  </conditions>
                </line>
                <line number="33" hits="1" branch="False" />
                <line number="34" hits="1" branch="False" />
                <line number="35" hits="1" branch="False" />
                <line number="36" hits="1" branch="False" />
                <line number="37" hits="20" branch="False" />
                <line number="38" hits="20" branch="False" />
                <line number="39" hits="20" branch="True" condition-coverage="100% (2/2)">
                  <conditions>
                    <condition number="114" type="jump" coverage="100%" />
                  </conditions>
                </line>
                <line number="40" hits="20" branch="False" />
                <line number="41" hits="20" branch="False" />
                <line number="42" hits="1" branch="False" />
              </lines>
            </method>
          </methods>
          <lines>
            <line number="14" hits="1" branch="False" />
            <line number="15" hits="1" branch="False" />
            <line number="16" hits="1" branch="False" />
            <line number="17" hits="1" branch="False" />
            <line number="19" hits="1" branch="False" />
            <line number="20" hits="1" branch="False" />
            <line number="21" hits="1" branch="False" />
            <line number="23" hits="1" branch="False" />
            <line number="25" hits="1" branch="False" />
            <line number="26" hits="1" branch="False" />
            <line number="29" hits="1" branch="False" />
            <line number="31" hits="1" branch="False" />
            <line number="32" hits="43" branch="True" condition-coverage="100% (2/2)">
              <conditions>
                <condition number="137" type="jump" coverage="100%" />
              </conditions>
            </line>
            <line number="33" hits="1" branch="False" />
            <line number="34" hits="1" branch="False" />
            <line number="35" hits="1" branch="False" />
            <line number="36" hits="1" branch="False" />
            <line number="37" hits="20" branch="False" />
            <line number="38" hits="20" branch="False" />
            <line number="39" hits="20" branch="True" condition-coverage="100% (2/2)">
              <conditions>
                <condition number="114" type="jump" coverage="100%" />
              </conditions>
            </line>
            <line number="40" hits="20" branch="False" />
            <line number="41" hits="20" branch="False" />
            <line number="42" hits="1" branch="False" />
          </lines>
        </class>
        <class name="PharmacyService.Application.Services.AuditHelper" filename="PharmacyService.Application\Services\AuditHelper.cs" line-rate="0" branch-rate="1" complexity="2">
          <methods>
            <method name="ApplyCreate" signature="(Healthcare.Common.Entities.BaseEntity,Healthcare.Common.MultiTenancy.ITenantContext)" line-rate="0" branch-rate="1" complexity="1">
              <lines>
                <line number="9" hits="0" branch="False" />
                <line number="10" hits="0" branch="False" />
                <line number="11" hits="0" branch="False" />
                <line number="13" hits="0" branch="False" />
                <line number="14" hits="0" branch="False" />
                <line number="15" hits="0" branch="False" />
                <line number="16" hits="0" branch="False" />
                <line number="17" hits="0" branch="False" />
                <line number="18" hits="0" branch="False" />
                <line number="19" hits="0" branch="False" />
                <line number="20" hits="0" branch="False" />
              </lines>
            </method>
            <method name="ApplyUpdate" signature="(Healthcare.Common.Entities.BaseEntity,Healthcare.Common.MultiTenancy.ITenantContext)" line-rate="0" branch-rate="1" complexity="1">
              <lines>
                <line number="23" hits="0" branch="False" />
                <line number="24" hits="0" branch="False" />
                <line number="25" hits="0" branch="False" />
                <line number="26" hits="0" branch="False" />
              </lines>
            </method>
          </methods>
          <lines>
            <line number="9" hits="0" branch="False" />
            <line number="10" hits="0" branch="False" />
            <line number="11" hits="0" branch="False" />
            <line number="13" hits="0" branch="False" />
            <line number="14" hits="0" branch="False" />
            <line number="15" hits="0" branch="False" />
            <line number="16" hits="0" branch="False" />
            <line number="17" hits="0" branch="False" />
            <line number="18" hits="0" branch="False" />
            <line number="19" hits="0" branch="False" />
            <line number="20" hits="0" branch="False" />
            <line number="23" hits="0" branch="False" />
            <line number="24" hits="0" branch="False" />
            <line number="25" hits="0" branch="False" />
            <line number="26" hits="0" branch="False" />
          </lines>
        </class>
        <class name="PharmacyService.Application.Services.InfoService" filename="PharmacyService.Application\Services\InfoService.cs" line-rate="1" branch-rate="1" complexity="1">
          <methods>
            <method name="GetInfo" signature="()" line-rate="1" branch-rate="1" complexity="1">
              <lines>
                <line number="9" hits="1" branch="False" />
                <line number="10" hits="1" branch="False" />
                <line number="11" hits="1" branch="False" />
                <line number="12" hits="1" branch="False" />
                <line number="13" hits="1" branch="False" />
                <line number="14" hits="1" branch="False" />
              </lines>
            </method>
          </methods>
          <lines>
            <line number="9" hits="1" branch="False" />
            <line number="10" hits="1" branch="False" />
            <line number="11" hits="1" branch="False" />
            <line number="12" hits="1" branch="False" />
            <line number="13" hits="1" branch="False" />
            <line number="14" hits="1" branch="False" />
          </lines>
        </class>
        <class name="PharmacyService.Application.Services.LmsInventoryIntegrationService" filename="PharmacyService.Application\Services\LmsInventoryIntegrationService.cs" line-rate="1" branch-rate="1" complexity="2">
          <methods>
            <method name="RecordLmsReagentConsumptionAsync" signature="(PharmacyService.Application.Services.RecordLmsReagentConsumptionRequest,System.Threading.CancellationToken)" line-rate="1" branch-rate="1" complexity="1">
              <lines>
                <line number="39" hits="1" branch="False" />
                <line number="40" hits="1" branch="False" />
                <line number="41" hits="1" branch="False" />
                <line number="42" hits="1" branch="False" />
                <line number="43" hits="1" branch="False" />
                <line number="44" hits="1" branch="False" />
                <line number="45" hits="1" branch="False" />
                <line number="46" hits="1" branch="False" />
                <line number="47" hits="1" branch="False" />
                <line number="49" hits="1" branch="False" />
                <line number="50" hits="1" branch="False" />
              </lines>
            </method>
            <method name=".ctor" signature="(Healthcare.Common.MultiTenancy.ITenantContext,Microsoft.Extensions.Logging.ILogger`1&lt;PharmacyService.Application.Services.LmsInventoryIntegrationService&gt;)" line-rate="1" branch-rate="1" complexity="1">
              <lines>
                <line number="31" hits="1" branch="False" />
                <line number="32" hits="1" branch="False" />
                <line number="33" hits="1" branch="False" />
                <line number="34" hits="1" branch="False" />
              </lines>
            </method>
          </methods>
          <lines>
            <line number="39" hits="1" branch="False" />
            <line number="40" hits="1" branch="False" />
            <line number="41" hits="1" branch="False" />
            <line number="42" hits="1" branch="False" />
            <line number="43" hits="1" branch="False" />
            <line number="44" hits="1" branch="False" />
            <line number="45" hits="1" branch="False" />
            <line number="46" hits="1" branch="False" />
            <line number="47" hits="1" branch="False" />
            <line number="49" hits="1" branch="False" />
            <line number="50" hits="1" branch="False" />
            <line number="31" hits="1" branch="False" />
            <line number="32" hits="1" branch="False" />
            <line number="33" hits="1" branch="False" />
            <line number="34" hits="1" branch="False" />
          </lines>
        </class>
        <class name="PharmacyService.Application.Services.PharmacyNotificationHelper" filename="PharmacyService.Application\Services\PharmacyNotificationHelper.cs" line-rate="0" branch-rate="1" complexity="1">
          <methods>
            <method name=".ctor" signature="(CommunicationService.Contracts.Notifications.INotificationApiClient,Microsoft.Extensions.Options.IOptions`1&lt;PharmacyService.Application.Options.PharmacyNotificationIntegrationOptions&gt;,Microsoft.Extensions.Logging.ILogger`1&lt;PharmacyService.Application.Services.PharmacyNotificationHelper&gt;)" line-rate="0" branch-rate="1" complexity="1">
              <lines>
                <line number="19" hits="0" branch="False" />
                <line number="20" hits="0" branch="False" />
                <line number="21" hits="0" branch="False" />
                <line number="22" hits="0" branch="False" />
                <line number="23" hits="0" branch="False" />
              </lines>
            </method>
          </methods>
          <lines>
            <line number="19" hits="0" branch="False" />
            <line number="20" hits="0" branch="False" />
            <line number="21" hits="0" branch="False" />
            <line number="22" hits="0" branch="False" />
            <line number="23" hits="0" branch="False" />
          </lines>
        </class>
        <class name="PharmacyService.Application.Services.Extended.PhrCrudServiceBase`5" filename="PharmacyService.Application\Services\Extended\PhrCrudServiceBase.cs" line-rate="0.409" branch-rate="0" complexity="10">
          <methods>
            <method name="get_RequiresFacilityId" signature="()" line-rate="0" branch-rate="1" complexity="1">
              <lines>
                <line number="44" hits="0" branch="False" />
              </lines>
            </method>
            <method name="OnBeforeCreateAsync" signature="(TEntity,TCreate,System.Threading.CancellationToken)" line-rate="0" branch-rate="1" complexity="1">
              <lines>
                <line number="149" hits="0" branch="False" />
              </lines>
            </method>
            <method name="IsEntityInFacilityScope" signature="(TEntity)" line-rate="0" branch-rate="0" complexity="6">
              <lines>
                <line number="210" hits="0" branch="False" />
                <line number="211" hits="0" branch="True" condition-coverage="0% (0/4)">
                  <conditions>
                    <condition number="7" type="jump" coverage="0%" />
                    <condition number="36" type="jump" coverage="0%" />
                  </conditions>
                </line>
                <line number="212" hits="0" branch="False" />
                <line number="213" hits="0" branch="True" condition-coverage="0% (0/2)">
                  <conditions>
                    <condition number="61" type="jump" coverage="0%" />
                  </conditions>
                </line>
                <line number="214" hits="0" branch="False" />
              </lines>
            </method>
            <method name="AndAlsoFilters" signature="(System.Linq.Expressions.Expression`1&lt;System.Func`2&lt;TEntity,System.Boolean&gt;&gt;,System.Linq.Expressions.Expression`1&lt;System.Func`2&lt;TEntity,System.Boolean&gt;&gt;)" line-rate="0" branch-rate="1" complexity="1">
              <lines>
                <line number="219" hits="0" branch="False" />
                <line number="220" hits="0" branch="False" />
                <line number="221" hits="0" branch="False" />
                <line number="222" hits="0" branch="False" />
                <line number="223" hits="0" branch="False" />
                <line number="224" hits="0" branch="False" />
              </lines>
            </method>
            <method name=".ctor" signature="(PharmacyService.Domain.Repositories.IRepository`1&lt;TEntity&gt;,AutoMapper.IMapper,Healthcare.Common.MultiTenancy.ITenantContext,FluentValidation.IValidator`1&lt;TCreate&gt;,FluentValidation.IValidator`1&lt;TUpdate&gt;,Healthcare.Common.Integration.SharedService.IFacilityTenantValidator,Microsoft.Extensions.Logging.ILogger`1&lt;TService&gt;)" line-rate="1" branch-rate="1" complexity="1">
              <lines>
                <line number="34" hits="2" branch="False" />
                <line number="35" hits="2" branch="False" />
                <line number="36" hits="2" branch="False" />
                <line number="37" hits="2" branch="False" />
                <line number="38" hits="2" branch="False" />
                <line number="39" hits="2" branch="False" />
                <line number="40" hits="2" branch="False" />
                <line number="41" hits="2" branch="False" />
                <line number="42" hits="2" branch="False" />
              </lines>
            </method>
          </methods>
          <lines>
            <line number="44" hits="0" branch="False" />
            <line number="149" hits="0" branch="False" />
            <line number="210" hits="0" branch="False" />
            <line number="211" hits="0" branch="True" condition-coverage="0% (0/4)">
              <conditions>
                <condition number="7" type="jump" coverage="0%" />
                <condition number="36" type="jump" coverage="0%" />
              </conditions>
            </line>
            <line number="212" hits="0" branch="False" />
            <line number="213" hits="0" branch="True" condition-coverage="0% (0/2)">
              <conditions>
                <condition number="61" type="jump" coverage="0%" />
              </conditions>
            </line>
            <line number="214" hits="0" branch="False" />
            <line number="219" hits="0" branch="False" />
            <line number="220" hits="0" branch="False" />
            <line number="221" hits="0" branch="False" />
            <line number="222" hits="0" branch="False" />
            <line number="223" hits="0" branch="False" />
            <line number="224" hits="0" branch="False" />
            <line number="34" hits="2" branch="False" />
            <line number="35" hits="2" branch="False" />
            <line number="36" hits="2" branch="False" />
            <line number="37" hits="2" branch="False" />
            <line number="38" hits="2" branch="False" />
            <line number="39" hits="2" branch="False" />
            <line number="40" hits="2" branch="False" />
            <line number="41" hits="2" branch="False" />
            <line number="42" hits="2" branch="False" />
          </lines>
        </class>
        <class name="PharmacyService.Application.Services.Extended.PhrCrudServiceBase`5/PhrReplaceParameterVisitor" filename="PharmacyService.Application\Services\Extended\PhrCrudServiceBase.cs" line-rate="0" branch-rate="0" complexity="3">
          <methods>
            <method name="VisitParameter" signature="(System.Linq.Expressions.ParameterExpression)" line-rate="0" branch-rate="0" complexity="2">
              <lines>
                <line number="238" hits="0" branch="True" condition-coverage="0% (0/2)">
                  <conditions>
                    <condition number="7" type="jump" coverage="0%" />
                  </conditions>
                </line>
              </lines>
            </method>
            <method name=".ctor" signature="(System.Linq.Expressions.ParameterExpression,System.Linq.Expressions.ParameterExpression)" line-rate="0" branch-rate="1" complexity="1">
              <lines>
                <line number="231" hits="0" branch="False" />
                <line number="232" hits="0" branch="False" />
                <line number="233" hits="0" branch="False" />
                <line number="234" hits="0" branch="False" />
                <line number="235" hits="0" branch="False" />
              </lines>
            </method>
          </methods>
          <lines>
            <line number="238" hits="0" branch="True" condition-coverage="0% (0/2)">
              <conditions>
                <condition number="7" type="jump" coverage="0%" />
              </conditions>
            </line>
            <line number="231" hits="0" branch="False" />
            <line number="232" hits="0" branch="False" />
            <line number="233" hits="0" branch="False" />
            <line number="234" hits="0" branch="False" />
            <line number="235" hits="0" branch="False" />
          </lines>
        </class>
        <class name="PharmacyService.Application.Services.Entities.PhrBatchStockService" filename="PharmacyService.Application\Services\Entities\PhrBatchStockService.cs" line-rate="0" branch-rate="1" complexity="3">
          <methods>
            <method name="get_RequiresFacilityId" signature="()" line-rate="0" branch-rate="1" complexity="1">
              <lines>
                <line number="34" hits="0" branch="False" />
              </lines>
            </method>
            <method name="GetPagedAsync" signature="(Healthcare.Common.Pagination.PagedQuery,System.Threading.CancellationToken)" line-rate="0" branch-rate="1" complexity="1">
              <lines>
                <line number="37" hits="0" branch="False" />
              </lines>
            </method>
            <method name=".ctor" signature="(PharmacyService.Domain.Repositories.IRepository`1&lt;PharmacyService.Domain.Entities.PhrBatchStock&gt;,AutoMapper.IMapper,Healthcare.Common.MultiTenancy.ITenantContext,FluentValidation.IValidator`1&lt;PharmacyService.Application.DTOs.Entities.CreateBatchStockDto&gt;,FluentValidation.IValidator`1&lt;PharmacyService.Application.DTOs.Entities.UpdateBatchStockDto&gt;,Healthcare.Common.Integration.SharedService.IFacilityTenantValidator,Microsoft.Extensions.Logging.ILogger`1&lt;PharmacyService.Application.Services.Entities.PhrBatchStockService&gt;)" line-rate="0" branch-rate="1" complexity="1">
              <lines>
                <line number="32" hits="0" branch="False" />
              </lines>
            </method>
          </methods>
          <lines>
            <line number="34" hits="0" branch="False" />
            <line number="37" hits="0" branch="False" />
            <line number="32" hits="0" branch="False" />
          </lines>
        </class>
        <class name="PharmacyService.Application.Services.Entities.PhrCompositionService" filename="PharmacyService.Application\Services\Entities\PhrCompositionService.cs" line-rate="0" branch-rate="1" complexity="3">
          <methods>
            <method name="get_RequiresFacilityId" signature="()" line-rate="0" branch-rate="1" complexity="1">
              <lines>
                <line number="34" hits="0" branch="False" />
              </lines>
            </method>
            <method name="GetPagedAsync" signature="(Healthcare.Common.Pagination.PagedQuery,System.Threading.CancellationToken)" line-rate="0" branch-rate="1" complexity="1">
              <lines>
                <line number="37" hits="0" branch="False" />
              </lines>
            </method>
            <method name=".ctor" signature="(PharmacyService.Domain.Repositories.IRepository`1&lt;PharmacyService.Domain.Entities.PhrComposition&gt;,AutoMapper.IMapper,Healthcare.Common.MultiTenancy.ITenantContext,FluentValidation.IValidator`1&lt;PharmacyService.Application.DTOs.Entities.CreateCompositionDto&gt;,FluentValidation.IValidator`1&lt;PharmacyService.Application.DTOs.Entities.UpdateCompositionDto&gt;,Healthcare.Common.Integration.SharedService.IFacilityTenantValidator,Microsoft.Extensions.Logging.ILogger`1&lt;PharmacyService.Application.Services.Entities.PhrCompositionService&gt;)" line-rate="0" branch-rate="1" complexity="1">
              <lines>
                <line number="32" hits="0" branch="False" />
              </lines>
            </method>
          </methods>
          <lines>
            <line number="34" hits="0" branch="False" />
            <line number="37" hits="0" branch="False" />
            <line number="32" hits="0" branch="False" />
          </lines>
        </class>
        <class name="PharmacyService.Application.Services.Entities.PhrExpiryTrackingService" filename="PharmacyService.Application\Services\Entities\PhrExpiryTrackingService.cs" line-rate="0" branch-rate="1" complexity="3">
          <methods>
            <method name="get_RequiresFacilityId" signature="()" line-rate="0" branch-rate="1" complexity="1">
              <lines>
                <line number="34" hits="0" branch="False" />
              </lines>
            </method>
            <method name="GetPagedAsync" signature="(Healthcare.Common.Pagination.PagedQuery,System.Threading.CancellationToken)" line-rate="0" branch-rate="1" complexity="1">
              <lines>
                <line number="37" hits="0" branch="False" />
              </lines>
            </method>
            <method name=".ctor" signature="(PharmacyService.Domain.Repositories.IRepository`1&lt;PharmacyService.Domain.Entities.PhrExpiryTracking&gt;,AutoMapper.IMapper,Healthcare.Common.MultiTenancy.ITenantContext,FluentValidation.IValidator`1&lt;PharmacyService.Application.DTOs.Entities.CreateExpiryTrackingDto&gt;,FluentValidation.IValidator`1&lt;PharmacyService.Application.DTOs.Entities.UpdateExpiryTrackingDto&gt;,Healthcare.Common.Integration.SharedService.IFacilityTenantValidator,Microsoft.Extensions.Logging.ILogger`1&lt;PharmacyService.Application.Services.Entities.PhrExpiryTrackingService&gt;)" line-rate="0" branch-rate="1" complexity="1">
              <lines>
                <line number="32" hits="0" branch="False" />
              </lines>
            </method>
          </methods>
          <lines>
            <line number="34" hits="0" branch="False" />
            <line number="37" hits="0" branch="False" />
            <line number="32" hits="0" branch="False" />
          </lines>
        </class>
        <class name="PharmacyService.Application.Services.Entities.PhrGoodsReceiptItemService" filename="PharmacyService.Application\Services\Entities\PhrGoodsReceiptItemService.cs" line-rate="0" branch-rate="1" complexity="3">
          <methods>
            <method name="get_RequiresFacilityId" signature="()" line-rate="0" branch-rate="1" complexity="1">
              <lines>
                <line number="34" hits="0" branch="False" />
              </lines>
            </method>
            <method name="GetPagedAsync" signature="(Healthcare.Common.Pagination.PagedQuery,System.Threading.CancellationToken)" line-rate="0" branch-rate="1" complexity="1">
              <lines>
                <line number="37" hits="0" branch="False" />
              </lines>
            </method>
            <method name=".ctor" signature="(PharmacyService.Domain.Repositories.IRepository`1&lt;PharmacyService.Domain.Entities.PhrGoodsReceiptItem&gt;,AutoMapper.IMapper,Healthcare.Common.MultiTenancy.ITenantContext,FluentValidation.IValidator`1&lt;PharmacyService.Application.DTOs.Entities.CreateGoodsReceiptItemDto&gt;,FluentValidation.IValidator`1&lt;PharmacyService.Application.DTOs.Entities.UpdateGoodsReceiptItemDto&gt;,Healthcare.Common.Integration.SharedService.IFacilityTenantValidator,Microsoft.Extensions.Logging.ILogger`1&lt;PharmacyService.Application.Services.Entities.PhrGoodsReceiptItemService&gt;)" line-rate="0" branch-rate="1" complexity="1">
              <lines>
                <line number="32" hits="0" branch="False" />
              </lines>
            </method>
          </methods>
          <lines>
            <line number="34" hits="0" branch="False" />
            <line number="37" hits="0" branch="False" />
            <line number="32" hits="0" branch="False" />
          </lines>
        </class>
        <class name="PharmacyService.Application.Services.Entities.PhrGoodsReceiptService" filename="PharmacyService.Application\Services\Entities\PhrGoodsReceiptService.cs" line-rate="0" branch-rate="1" complexity="3">
          <methods>
            <method name="get_RequiresFacilityId" signature="()" line-rate="0" branch-rate="1" complexity="1">
              <lines>
                <line number="34" hits="0" branch="False" />
              </lines>
            </method>
            <method name="GetPagedAsync" signature="(Healthcare.Common.Pagination.PagedQuery,System.Threading.CancellationToken)" line-rate="0" branch-rate="1" complexity="1">
              <lines>
                <line number="37" hits="0" branch="False" />
              </lines>
            </method>
            <method name=".ctor" signature="(PharmacyService.Domain.Repositories.IRepository`1&lt;PharmacyService.Domain.Entities.PhrGoodsReceipt&gt;,AutoMapper.IMapper,Healthcare.Common.MultiTenancy.ITenantContext,FluentValidation.IValidator`1&lt;PharmacyService.Application.DTOs.Entities.CreateGoodsReceiptDto&gt;,FluentValidation.IValidator`1&lt;PharmacyService.Application.DTOs.Entities.UpdateGoodsReceiptDto&gt;,Healthcare.Common.Integration.SharedService.IFacilityTenantValidator,Microsoft.Extensions.Logging.ILogger`1&lt;PharmacyService.Application.Services.Entities.PhrGoodsReceiptService&gt;)" line-rate="0" branch-rate="1" complexity="1">
              <lines>
                <line number="32" hits="0" branch="False" />
              </lines>
            </method>
          </methods>
          <lines>
            <line number="34" hits="0" branch="False" />
            <line number="37" hits="0" branch="False" />
            <line number="32" hits="0" branch="False" />
          </lines>
        </class>
        <class name="PharmacyService.Application.Services.Entities.PhrManufacturerService" filename="PharmacyService.Application\Services\Entities\PhrManufacturerService.cs" line-rate="0" branch-rate="1" complexity="3">
          <methods>
            <method name="get_RequiresFacilityId" signature="()" line-rate="0" branch-rate="1" complexity="1">
              <lines>
                <line number="34" hits="0" branch="False" />
              </lines>
            </method>
            <method name="GetPagedAsync" signature="(Healthcare.Common.Pagination.PagedQuery,System.Threading.CancellationToken)" line-rate="0" branch-rate="1" complexity="1">
              <lines>
                <line number="37" hits="0" branch="False" />
              </lines>
            </method>
            <method name=".ctor" signature="(PharmacyService.Domain.Repositories.IRepository`1&lt;PharmacyService.Domain.Entities.PhrManufacturer&gt;,AutoMapper.IMapper,Healthcare.Common.MultiTenancy.ITenantContext,FluentValidation.IValidator`1&lt;PharmacyService.Application.DTOs.Entities.CreateManufacturerDto&gt;,FluentValidation.IValidator`1&lt;PharmacyService.Application.DTOs.Entities.UpdateManufacturerDto&gt;,Healthcare.Common.Integration.SharedService.IFacilityTenantValidator,Microsoft.Extensions.Logging.ILogger`1&lt;PharmacyService.Application.Services.Entities.PhrManufacturerService&gt;)" line-rate="0" branch-rate="1" complexity="1">
              <lines>
                <line number="32" hits="0" branch="False" />
              </lines>
            </method>
          </methods>
          <lines>
            <line number="34" hits="0" branch="False" />
            <line number="37" hits="0" branch="False" />
            <line number="32" hits="0" branch="False" />
          </lines>
        </class>
        <class name="PharmacyService.Application.Services.Entities.PhrMedicineBatchService" filename="PharmacyService.Application\Services\Entities\PhrMedicineBatchService.cs" line-rate="0" branch-rate="1" complexity="3">
          <methods>
            <method name="get_RequiresFacilityId" signature="()" line-rate="0" branch-rate="1" complexity="1">
              <lines>
                <line number="34" hits="0" branch="False" />
              </lines>
            </method>
            <method name="GetPagedAsync" signature="(Healthcare.Common.Pagination.PagedQuery,System.Threading.CancellationToken)" line-rate="0" branch-rate="1" complexity="1">
              <lines>
                <line number="37" hits="0" branch="False" />
              </lines>
            </method>
            <method name=".ctor" signature="(PharmacyService.Domain.Repositories.IRepository`1&lt;PharmacyService.Domain.Entities.PhrMedicineBatch&gt;,AutoMapper.IMapper,Healthcare.Common.MultiTenancy.ITenantContext,FluentValidation.IValidator`1&lt;PharmacyService.Application.DTOs.Entities.CreateMedicineBatchDto&gt;,FluentValidation.IValidator`1&lt;PharmacyService.Application.DTOs.Entities.UpdateMedicineBatchDto&gt;,Healthcare.Common.Integration.SharedService.IFacilityTenantValidator,Microsoft.Extensions.Logging.ILogger`1&lt;PharmacyService.Application.Services.Entities.PhrMedicineBatchService&gt;)" line-rate="0" branch-rate="1" complexity="1">
              <lines>
                <line number="32" hits="0" branch="False" />
              </lines>
            </method>
          </methods>
          <lines>
            <line number="34" hits="0" branch="False" />
            <line number="37" hits="0" branch="False" />
            <line number="32" hits="0" branch="False" />
          </lines>
        </class>
        <class name="PharmacyService.Application.Services.Entities.PhrMedicineCategoryService" filename="PharmacyService.Application\Services\Entities\PhrMedicineCategoryService.cs" line-rate="1" branch-rate="1" complexity="3">
          <methods>
            <method name="get_RequiresFacilityId" signature="()" line-rate="1" branch-rate="1" complexity="1">
              <lines>
                <line number="34" hits="2" branch="False" />
              </lines>
            </method>
            <method name="GetPagedAsync" signature="(Healthcare.Common.Pagination.PagedQuery,System.Threading.CancellationToken)" line-rate="1" branch-rate="1" complexity="1">
              <lines>
                <line number="37" hits="2" branch="False" />
              </lines>
            </method>
            <method name=".ctor" signature="(PharmacyService.Domain.Repositories.IRepository`1&lt;PharmacyService.Domain.Entities.PhrMedicineCategory&gt;,AutoMapper.IMapper,Healthcare.Common.MultiTenancy.ITenantContext,FluentValidation.IValidator`1&lt;PharmacyService.Application.DTOs.Entities.CreateMedicineCategoryDto&gt;,FluentValidation.IValidator`1&lt;PharmacyService.Application.DTOs.Entities.UpdateMedicineCategoryDto&gt;,Healthcare.Common.Integration.SharedService.IFacilityTenantValidator,Microsoft.Extensions.Logging.ILogger`1&lt;PharmacyService.Application.Services.Entities.PhrMedicineCategoryService&gt;)" line-rate="1" branch-rate="1" complexity="1">
              <lines>
                <line number="32" hits="6" branch="False" />
              </lines>
            </method>
          </methods>
          <lines>
            <line number="34" hits="2" branch="False" />
            <line number="37" hits="2" branch="False" />
            <line number="32" hits="6" branch="False" />
          </lines>
        </class>
        <class name="PharmacyService.Application.Services.Entities.PhrMedicineCompositionService" filename="PharmacyService.Application\Services\Entities\PhrMedicineCompositionService.cs" line-rate="0" branch-rate="1" complexity="3">
          <methods>
            <method name="get_RequiresFacilityId" signature="()" line-rate="0" branch-rate="1" complexity="1">
              <lines>
                <line number="34" hits="0" branch="False" />
              </lines>
            </method>
            <method name="GetPagedAsync" signature="(Healthcare.Common.Pagination.PagedQuery,System.Threading.CancellationToken)" line-rate="0" branch-rate="1" complexity="1">
              <lines>
                <line number="37" hits="0" branch="False" />
              </lines>
            </method>
            <method name=".ctor" signature="(PharmacyService.Domain.Repositories.IRepository`1&lt;PharmacyService.Domain.Entities.PhrMedicineComposition&gt;,AutoMapper.IMapper,Healthcare.Common.MultiTenancy.ITenantContext,FluentValidation.IValidator`1&lt;PharmacyService.Application.DTOs.Entities.CreateMedicineCompositionDto&gt;,FluentValidation.IValidator`1&lt;PharmacyService.Application.DTOs.Entities.UpdateMedicineCompositionDto&gt;,Healthcare.Common.Integration.SharedService.IFacilityTenantValidator,Microsoft.Extensions.Logging.ILogger`1&lt;PharmacyService.Application.Services.Entities.PhrMedicineCompositionService&gt;)" line-rate="0" branch-rate="1" complexity="1">
              <lines>
                <line number="32" hits="0" branch="False" />
              </lines>
            </method>
          </methods>
          <lines>
            <line number="34" hits="0" branch="False" />
            <line number="37" hits="0" branch="False" />
            <line number="32" hits="0" branch="False" />
          </lines>
        </class>
        <class name="PharmacyService.Application.Services.Entities.PhrMedicineService" filename="PharmacyService.Application\Services\Entities\PhrMedicineService.cs" line-rate="0" branch-rate="1" complexity="3">
          <methods>
            <method name="get_RequiresFacilityId" signature="()" line-rate="0" branch-rate="1" complexity="1">
              <lines>
                <line number="34" hits="0" branch="False" />
              </lines>
            </method>
            <method name="GetPagedAsync" signature="(Healthcare.Common.Pagination.PagedQuery,System.Threading.CancellationToken)" line-rate="0" branch-rate="1" complexity="1">
              <lines>
                <line number="37" hits="0" branch="False" />
              </lines>
            </method>
            <method name=".ctor" signature="(PharmacyService.Domain.Repositories.IRepository`1&lt;PharmacyService.Domain.Entities.PhrMedicine&gt;,AutoMapper.IMapper,Healthcare.Common.MultiTenancy.ITenantContext,FluentValidation.IValidator`1&lt;PharmacyService.Application.DTOs.Entities.CreateMedicineDto&gt;,FluentValidation.IValidator`1&lt;PharmacyService.Application.DTOs.Entities.UpdateMedicineDto&gt;,Healthcare.Common.Integration.SharedService.IFacilityTenantValidator,Microsoft.Extensions.Logging.ILogger`1&lt;PharmacyService.Application.Services.Entities.PhrMedicineService&gt;)" line-rate="0" branch-rate="1" complexity="1">
              <lines>
                <line number="32" hits="0" branch="False" />
              </lines>
            </method>
          </methods>
          <lines>
            <line number="34" hits="0" branch="False" />
            <line number="37" hits="0" branch="False" />
            <line number="32" hits="0" branch="False" />
          </lines>
        </class>
        <class name="PharmacyService.Application.Services.Entities.PhrPharmacySaleService" filename="PharmacyService.Application\Services\Entities\PhrPharmacySaleService.cs" line-rate="0" branch-rate="1" complexity="3">
          <methods>
            <method name="get_RequiresFacilityId" signature="()" line-rate="0" branch-rate="1" complexity="1">
              <lines>
                <line number="34" hits="0" branch="False" />
              </lines>
            </method>
            <method name="GetPagedAsync" signature="(Healthcare.Common.Pagination.PagedQuery,System.Threading.CancellationToken)" line-rate="0" branch-rate="1" complexity="1">
              <lines>
                <line number="37" hits="0" branch="False" />
              </lines>
            </method>
            <method name=".ctor" signature="(PharmacyService.Domain.Repositories.IRepository`1&lt;PharmacyService.Domain.Entities.PhrPharmacySale&gt;,AutoMapper.IMapper,Healthcare.Common.MultiTenancy.ITenantContext,FluentValidation.IValidator`1&lt;PharmacyService.Application.DTOs.Entities.CreatePharmacySaleDto&gt;,FluentValidation.IValidator`1&lt;PharmacyService.Application.DTOs.Entities.UpdatePharmacySaleDto&gt;,Healthcare.Common.Integration.SharedService.IFacilityTenantValidator,Microsoft.Extensions.Logging.ILogger`1&lt;PharmacyService.Application.Services.Entities.PhrPharmacySaleService&gt;)" line-rate="0" branch-rate="1" complexity="1">
              <lines>
                <line number="32" hits="0" branch="False" />
              </lines>
            </method>
          </methods>
          <lines>
            <line number="34" hits="0" branch="False" />
            <line number="37" hits="0" branch="False" />
            <line number="32" hits="0" branch="False" />
          </lines>
        </class>
        <class name="PharmacyService.Application.Services.Entities.PhrPharmacySalesItemService" filename="PharmacyService.Application\Services\Entities\PhrPharmacySalesItemService.cs" line-rate="0" branch-rate="1" complexity="3">
          <methods>
            <method name="get_RequiresFacilityId" signature="()" line-rate="0" branch-rate="1" complexity="1">
              <lines>
                <line number="34" hits="0" branch="False" />
              </lines>
            </method>
            <method name="GetPagedAsync" signature="(Healthcare.Common.Pagination.PagedQuery,System.Threading.CancellationToken)" line-rate="0" branch-rate="1" complexity="1">
              <lines>
                <line number="37" hits="0" branch="False" />
              </lines>
            </method>
            <method name=".ctor" signature="(PharmacyService.Domain.Repositories.IRepository`1&lt;PharmacyService.Domain.Entities.PhrPharmacySalesItem&gt;,AutoMapper.IMapper,Healthcare.Common.MultiTenancy.ITenantContext,FluentValidation.IValidator`1&lt;PharmacyService.Application.DTOs.Entities.CreatePharmacySalesItemDto&gt;,FluentValidation.IValidator`1&lt;PharmacyService.Application.DTOs.Entities.UpdatePharmacySalesItemDto&gt;,Healthcare.Common.Integration.SharedService.IFacilityTenantValidator,Microsoft.Extensions.Logging.ILogger`1&lt;PharmacyService.Application.Services.Entities.PhrPharmacySalesItemService&gt;)" line-rate="0" branch-rate="1" complexity="1">
              <lines>
                <line number="32" hits="0" branch="False" />
              </lines>
            </method>
          </methods>
          <lines>
            <line number="34" hits="0" branch="False" />
            <line number="37" hits="0" branch="False" />
            <line number="32" hits="0" branch="False" />
          </lines>
        </class>
        <class name="PharmacyService.Application.Services.Entities.PhrPrescriptionMappingService" filename="PharmacyService.Application\Services\Entities\PhrPrescriptionMappingService.cs" line-rate="0" branch-rate="1" complexity="3">
          <methods>
            <method name="get_RequiresFacilityId" signature="()" line-rate="0" branch-rate="1" complexity="1">
              <lines>
                <line number="34" hits="0" branch="False" />
              </lines>
            </method>
            <method name="GetPagedAsync" signature="(Healthcare.Common.Pagination.PagedQuery,System.Threading.CancellationToken)" line-rate="0" branch-rate="1" complexity="1">
              <lines>
                <line number="37" hits="0" branch="False" />
              </lines>
            </method>
            <method name=".ctor" signature="(PharmacyService.Domain.Repositories.IRepository`1&lt;PharmacyService.Domain.Entities.PhrPrescriptionMapping&gt;,AutoMapper.IMapper,Healthcare.Common.MultiTenancy.ITenantContext,FluentValidation.IValidator`1&lt;PharmacyService.Application.DTOs.Entities.CreatePrescriptionMappingDto&gt;,FluentValidation.IValidator`1&lt;PharmacyService.Application.DTOs.Entities.UpdatePrescriptionMappingDto&gt;,Healthcare.Common.Integration.SharedService.IFacilityTenantValidator,Microsoft.Extensions.Logging.ILogger`1&lt;PharmacyService.Application.Services.Entities.PhrPrescriptionMappingService&gt;)" line-rate="0" branch-rate="1" complexity="1">
              <lines>
                <line number="32" hits="0" branch="False" />
              </lines>
            </method>
          </methods>
          <lines>
            <line number="34" hits="0" branch="False" />
            <line number="37" hits="0" branch="False" />
            <line number="32" hits="0" branch="False" />
          </lines>
        </class>
        <class name="PharmacyService.Application.Services.Entities.PhrPurchaseOrderItemService" filename="PharmacyService.Application\Services\Entities\PhrPurchaseOrderItemService.cs" line-rate="0" branch-rate="1" complexity="3">
          <methods>
            <method name="get_RequiresFacilityId" signature="()" line-rate="0" branch-rate="1" complexity="1">
              <lines>
                <line number="34" hits="0" branch="False" />
              </lines>
            </method>
            <method name="GetPagedAsync" signature="(Healthcare.Common.Pagination.PagedQuery,System.Threading.CancellationToken)" line-rate="0" branch-rate="1" complexity="1">
              <lines>
                <line number="37" hits="0" branch="False" />
              </lines>
            </method>
            <method name=".ctor" signature="(PharmacyService.Domain.Repositories.IRepository`1&lt;PharmacyService.Domain.Entities.PhrPurchaseOrderItem&gt;,AutoMapper.IMapper,Healthcare.Common.MultiTenancy.ITenantContext,FluentValidation.IValidator`1&lt;PharmacyService.Application.DTOs.Entities.CreatePurchaseOrderItemDto&gt;,FluentValidation.IValidator`1&lt;PharmacyService.Application.DTOs.Entities.UpdatePurchaseOrderItemDto&gt;,Healthcare.Common.Integration.SharedService.IFacilityTenantValidator,Microsoft.Extensions.Logging.ILogger`1&lt;PharmacyService.Application.Services.Entities.PhrPurchaseOrderItemService&gt;)" line-rate="0" branch-rate="1" complexity="1">
              <lines>
                <line number="32" hits="0" branch="False" />
              </lines>
            </method>
          </methods>
          <lines>
            <line number="34" hits="0" branch="False" />
            <line number="37" hits="0" branch="False" />
            <line number="32" hits="0" branch="False" />
          </lines>
        </class>
        <class name="PharmacyService.Application.Services.Entities.PhrPurchaseOrderService" filename="PharmacyService.Application\Services\Entities\PhrPurchaseOrderService.cs" line-rate="0" branch-rate="1" complexity="3">
          <methods>
            <method name="get_RequiresFacilityId" signature="()" line-rate="0" branch-rate="1" complexity="1">
              <lines>
                <line number="34" hits="0" branch="False" />
              </lines>
            </method>
            <method name="GetPagedAsync" signature="(Healthcare.Common.Pagination.PagedQuery,System.Threading.CancellationToken)" line-rate="0" branch-rate="1" complexity="1">
              <lines>
                <line number="37" hits="0" branch="False" />
              </lines>
            </method>
            <method name=".ctor" signature="(PharmacyService.Domain.Repositories.IRepository`1&lt;PharmacyService.Domain.Entities.PhrPurchaseOrder&gt;,AutoMapper.IMapper,Healthcare.Common.MultiTenancy.ITenantContext,FluentValidation.IValidator`1&lt;PharmacyService.Application.DTOs.Entities.CreatePurchaseOrderDto&gt;,FluentValidation.IValidator`1&lt;PharmacyService.Application.DTOs.Entities.UpdatePurchaseOrderDto&gt;,Healthcare.Common.Integration.SharedService.IFacilityTenantValidator,Microsoft.Extensions.Logging.ILogger`1&lt;PharmacyService.Application.Services.Entities.PhrPurchaseOrderService&gt;)" line-rate="0" branch-rate="1" complexity="1">
              <lines>
                <line number="32" hits="0" branch="False" />
              </lines>
            </method>
          </methods>
          <lines>
            <line number="34" hits="0" branch="False" />
            <line number="37" hits="0" branch="False" />
            <line number="32" hits="0" branch="False" />
          </lines>
        </class>
        <class name="PharmacyService.Application.Services.Entities.PhrStockAdjustmentItemService" filename="PharmacyService.Application\Services\Entities\PhrStockAdjustmentItemService.cs" line-rate="0" branch-rate="1" complexity="3">
          <methods>
            <method name="get_RequiresFacilityId" signature="()" line-rate="0" branch-rate="1" complexity="1">
              <lines>
                <line number="34" hits="0" branch="False" />
              </lines>
            </method>
            <method name="GetPagedAsync" signature="(Healthcare.Common.Pagination.PagedQuery,System.Threading.CancellationToken)" line-rate="0" branch-rate="1" complexity="1">
              <lines>
                <line number="37" hits="0" branch="False" />
              </lines>
            </method>
            <method name=".ctor" signature="(PharmacyService.Domain.Repositories.IRepository`1&lt;PharmacyService.Domain.Entities.PhrStockAdjustmentItem&gt;,AutoMapper.IMapper,Healthcare.Common.MultiTenancy.ITenantContext,FluentValidation.IValidator`1&lt;PharmacyService.Application.DTOs.Entities.CreateStockAdjustmentItemDto&gt;,FluentValidation.IValidator`1&lt;PharmacyService.Application.DTOs.Entities.UpdateStockAdjustmentItemDto&gt;,Healthcare.Common.Integration.SharedService.IFacilityTenantValidator,Microsoft.Extensions.Logging.ILogger`1&lt;PharmacyService.Application.Services.Entities.PhrStockAdjustmentItemService&gt;)" line-rate="0" branch-rate="1" complexity="1">
              <lines>
                <line number="32" hits="0" branch="False" />
              </lines>
            </method>
          </methods>
          <lines>
            <line number="34" hits="0" branch="False" />
            <line number="37" hits="0" branch="False" />
            <line number="32" hits="0" branch="False" />
          </lines>
        </class>
        <class name="PharmacyService.Application.Services.Entities.PhrStockAdjustmentService" filename="PharmacyService.Application\Services\Entities\PhrStockAdjustmentService.cs" line-rate="0" branch-rate="1" complexity="3">
          <methods>
            <method name="get_RequiresFacilityId" signature="()" line-rate="0" branch-rate="1" complexity="1">
              <lines>
                <line number="34" hits="0" branch="False" />
              </lines>
            </method>
            <method name="GetPagedAsync" signature="(Healthcare.Common.Pagination.PagedQuery,System.Threading.CancellationToken)" line-rate="0" branch-rate="1" complexity="1">
              <lines>
                <line number="37" hits="0" branch="False" />
              </lines>
            </method>
            <method name=".ctor" signature="(PharmacyService.Domain.Repositories.IRepository`1&lt;PharmacyService.Domain.Entities.PhrStockAdjustment&gt;,AutoMapper.IMapper,Healthcare.Common.MultiTenancy.ITenantContext,FluentValidation.IValidator`1&lt;PharmacyService.Application.DTOs.Entities.CreateStockAdjustmentDto&gt;,FluentValidation.IValidator`1&lt;PharmacyService.Application.DTOs.Entities.UpdateStockAdjustmentDto&gt;,Healthcare.Common.Integration.SharedService.IFacilityTenantValidator,Microsoft.Extensions.Logging.ILogger`1&lt;PharmacyService.Application.Services.Entities.PhrStockAdjustmentService&gt;)" line-rate="0" branch-rate="1" complexity="1">
              <lines>
                <line number="32" hits="0" branch="False" />
              </lines>
            </method>
          </methods>
          <lines>
            <line number="34" hits="0" branch="False" />
            <line number="37" hits="0" branch="False" />
            <line number="32" hits="0" branch="False" />
          </lines>
        </class>
        <class name="PharmacyService.Application.Services.Entities.PhrStockLedgerService" filename="PharmacyService.Application\Services\Entities\PhrStockLedgerService.cs" line-rate="0" branch-rate="1" complexity="3">
          <methods>
            <method name="get_RequiresFacilityId" signature="()" line-rate="0" branch-rate="1" complexity="1">
              <lines>
                <line number="34" hits="0" branch="False" />
              </lines>
            </method>
            <method name="GetPagedAsync" signature="(Healthcare.Common.Pagination.PagedQuery,System.Threading.CancellationToken)" line-rate="0" branch-rate="1" complexity="1">
              <lines>
                <line number="37" hits="0" branch="False" />
              </lines>
            </method>
            <method name=".ctor" signature="(PharmacyService.Domain.Repositories.IRepository`1&lt;PharmacyService.Domain.Entities.PhrStockLedger&gt;,AutoMapper.IMapper,Healthcare.Common.MultiTenancy.ITenantContext,FluentValidation.IValidator`1&lt;PharmacyService.Application.DTOs.Entities.CreateStockLedgerDto&gt;,FluentValidation.IValidator`1&lt;PharmacyService.Application.DTOs.Entities.UpdateStockLedgerDto&gt;,Healthcare.Common.Integration.SharedService.IFacilityTenantValidator,Microsoft.Extensions.Logging.ILogger`1&lt;PharmacyService.Application.Services.Entities.PhrStockLedgerService&gt;)" line-rate="0" branch-rate="1" complexity="1">
              <lines>
                <line number="32" hits="0" branch="False" />
              </lines>
            </method>
          </methods>
          <lines>
            <line number="34" hits="0" branch="False" />
            <line number="37" hits="0" branch="False" />
            <line number="32" hits="0" branch="False" />
          </lines>
        </class>
        <class name="PharmacyService.Application.Services.Entities.PhrStockTransferItemService" filename="PharmacyService.Application\Services\Entities\PhrStockTransferItemService.cs" line-rate="0" branch-rate="1" complexity="3">
          <methods>
            <method name="get_RequiresFacilityId" signature="()" line-rate="0" branch-rate="1" complexity="1">
              <lines>
                <line number="34" hits="0" branch="False" />
              </lines>
            </method>
            <method name="GetPagedAsync" signature="(Healthcare.Common.Pagination.PagedQuery,System.Threading.CancellationToken)" line-rate="0" branch-rate="1" complexity="1">
              <lines>
                <line number="37" hits="0" branch="False" />
              </lines>
            </method>
            <method name=".ctor" signature="(PharmacyService.Domain.Repositories.IRepository`1&lt;PharmacyService.Domain.Entities.PhrStockTransferItem&gt;,AutoMapper.IMapper,Healthcare.Common.MultiTenancy.ITenantContext,FluentValidation.IValidator`1&lt;PharmacyService.Application.DTOs.Entities.CreateStockTransferItemDto&gt;,FluentValidation.IValidator`1&lt;PharmacyService.Application.DTOs.Entities.UpdateStockTransferItemDto&gt;,Healthcare.Common.Integration.SharedService.IFacilityTenantValidator,Microsoft.Extensions.Logging.ILogger`1&lt;PharmacyService.Application.Services.Entities.PhrStockTransferItemService&gt;)" line-rate="0" branch-rate="1" complexity="1">
              <lines>
                <line number="32" hits="0" branch="False" />
              </lines>
            </method>
          </methods>
          <lines>
            <line number="34" hits="0" branch="False" />
            <line number="37" hits="0" branch="False" />
            <line number="32" hits="0" branch="False" />
          </lines>
        </class>
        <class name="PharmacyService.Application.Services.Entities.PhrStockTransferService" filename="PharmacyService.Application\Services\Entities\PhrStockTransferService.cs" line-rate="0" branch-rate="1" complexity="3">
          <methods>
            <method name="get_RequiresFacilityId" signature="()" line-rate="0" branch-rate="1" complexity="1">
              <lines>
                <line number="34" hits="0" branch="False" />
              </lines>
            </method>
            <method name="GetPagedAsync" signature="(Healthcare.Common.Pagination.PagedQuery,System.Threading.CancellationToken)" line-rate="0" branch-rate="1" complexity="1">
              <lines>
                <line number="37" hits="0" branch="False" />
              </lines>
            </method>
            <method name=".ctor" signature="(PharmacyService.Domain.Repositories.IRepository`1&lt;PharmacyService.Domain.Entities.PhrStockTransfer&gt;,AutoMapper.IMapper,Healthcare.Common.MultiTenancy.ITenantContext,FluentValidation.IValidator`1&lt;PharmacyService.Application.DTOs.Entities.CreateStockTransferDto&gt;,FluentValidation.IValidator`1&lt;PharmacyService.Application.DTOs.Entities.UpdateStockTransferDto&gt;,Healthcare.Common.Integration.SharedService.IFacilityTenantValidator,Microsoft.Extensions.Logging.ILogger`1&lt;PharmacyService.Application.Services.Entities.PhrStockTransferService&gt;)" line-rate="0" branch-rate="1" complexity="1">
              <lines>
                <line number="32" hits="0" branch="False" />
              </lines>
            </method>
          </methods>
          <lines>
            <line number="34" hits="0" branch="False" />
            <line number="37" hits="0" branch="False" />
            <line number="32" hits="0" branch="False" />
          </lines>
        </class>
        <class name="PharmacyService.Application.Mapping.PharmacyMappingProfile" filename="PharmacyService.Application\Mapping\PharmacyMappingProfile.cs" line-rate="1" branch-rate="1" complexity="1">
          <methods>
            <method name=".ctor" signature="()" line-rate="1" branch-rate="1" complexity="1">
              <lines>
                <line number="7" hits="2" branch="False" />
                <line number="8" hits="2" branch="False" />
                <line number="9" hits="2" branch="False" />
              </lines>
            </method>
          </methods>
          <lines>
            <line number="7" hits="2" branch="False" />
            <line number="8" hits="2" branch="False" />
            <line number="9" hits="2" branch="False" />
          </lines>
        </class>
        <class name="PharmacyService.Application.Mapping.PhrGeneratedMappingProfile" filename="PharmacyService.Application\Mapping\PhrGeneratedMappingProfile.cs" line-rate="1" branch-rate="1" complexity="1">
          <methods>
            <method name=".ctor" signature="()" line-rate="1" branch-rate="1" complexity="1">
              <lines>
                <line number="8" hits="2" branch="False" />
                <line number="9" hits="2" branch="False" />
                <line number="10" hits="2" branch="False" />
                <line number="11" hits="2" branch="False" />
                <line number="12" hits="2" branch="False" />
                <line number="13" hits="2" branch="False" />
                <line number="14" hits="2" branch="False" />
                <line number="15" hits="2" branch="False" />
                <line number="16" hits="2" branch="False" />
                <line number="17" hits="2" branch="False" />
                <line number="18" hits="2" branch="False" />
                <line number="19" hits="2" branch="False" />
                <line number="20" hits="2" branch="False" />
                <line number="21" hits="2" branch="False" />
                <line number="22" hits="2" branch="False" />
[...]
            <line number="133" hits="2" branch="False" />
            <line number="134" hits="2" branch="False" />
            <line number="135" hits="2" branch="False" />
            <line number="136" hits="2" branch="False" />
            <line number="137" hits="2" branch="False" />
            <line number="138" hits="2" branch="False" />
            <line number="139" hits="2" branch="False" />
            <line number="140" hits="2" branch="False" />
            <line number="141" hits="2" branch="False" />
            <line number="142" hits="2" branch="False" />
            <line number="143" hits="2" branch="False" />
            <line number="144" hits="2" branch="False" />
            <line number="145" hits="2" branch="False" />
            <line number="146" hits="2" branch="False" />
            <line number="147" hits="2" branch="False" />
            <line number="148" hits="2" branch="False" />
            <line number="149" hits="2" branch="False" />
            <line number="150" hits="2" branch="False" />
            <line number="151" hits="2" branch="False" />
            <line number="152" hits="2" branch="False" />
            <line number="154" hits="2" branch="False" />
            <line number="155" hits="2" branch="False" />
            <line number="156" hits="2" branch="False" />
            <line number="157" hits="2" branch="False" />
            <line number="158" hits="2" branch="False" />
            <line number="159" hits="2" branch="False" />
            <line number="160" hits="2" branch="False" />
            <line number="161" hits="2" branch="False" />
            <line number="162" hits="2" branch="False" />
            <line number="163" hits="2" branch="False" />
            <line number="164" hits="2" branch="False" />
            <line number="165" hits="2" branch="False" />
            <line number="166" hits="2" branch="False" />
            <line number="167" hits="2" branch="False" />
            <line number="168" hits="2" branch="False" />
            <line number="169" hits="2" branch="False" />
            <line number="170" hits="2" branch="False" />
            <line number="171" hits="2" branch="False" />
            <line number="172" hits="2" branch="False" />
            <line number="173" hits="2" branch="False" />
            <line number="174" hits="2" branch="False" />
            <line number="175" hits="2" branch="False" />
            <line number="176" hits="2" branch="False" />
            <line number="178" hits="2" branch="False" />
            <line number="179" hits="2" branch="False" />
            <line number="180" hits="2" branch="False" />
            <line number="181" hits="2" branch="False" />
            <line number="182" hits="2" branch="False" />
            <line number="183" hits="2" branch="False" />
            <line number="184" hits="2" branch="False" />
            <line number="185" hits="2" branch="False" />
            <line number="186" hits="2" branch="False" />
            <line number="187" hits="2" branch="False" />
            <line number="188" hits="2" branch="False" />
            <line number="189" hits="2" branch="False" />
            <line number="190" hits="2" branch="False" />
            <line number="191" hits="2" branch="False" />
            <line number="192" hits="2" branch="False" />
            <line number="193" hits="2" branch="False" />
            <line number="194" hits="2" branch="False" />
            <line number="195" hits="2" branch="False" />
            <line number="196" hits="2" branch="False" />
            <line number="197" hits="2" branch="False" />
            <line number="198" hits="2" branch="False" />
            <line number="199" hits="2" branch="False" />
            <line number="200" hits="2" branch="False" />
            <line number="202" hits="2" branch="False" />
            <line number="203" hits="2" branch="False" />
            <line number="204" hits="2" branch="False" />
            <line number="205" hits="2" branch="False" />
            <line number="206" hits="2" branch="False" />
            <line number="207" hits="2" branch="False" />
            <line number="208" hits="2" branch="False" />
            <line number="209" hits="2" branch="False" />
            <line number="210" hits="2" branch="False" />
            <line number="211" hits="2" branch="False" />
            <line number="212" hits="2" branch="False" />
            <line number="213" hits="2" branch="False" />
            <line number="214" hits="2" branch="False" />
            <line number="215" hits="2" branch="False" />
            <line number="216" hits="2" branch="False" />
            <line number="217" hits="2" branch="False" />
            <line number="218" hits="2" branch="False" />
            <line number="219" hits="2" branch="False" />
            <line number="220" hits="2" branch="False" />
            <line number="221" hits="2" branch="False" />
            <line number="222" hits="2" branch="False" />
            <line number="223" hits="2" branch="False" />
            <line number="224" hits="2" branch="False" />
            <line number="226" hits="2" branch="False" />
            <line number="227" hits="2" branch="False" />
            <line number="228" hits="2" branch="False" />
            <line number="229" hits="2" branch="False" />
            <line number="230" hits="2" branch="False" />
            <line number="231" hits="2" branch="False" />
            <line number="232" hits="2" branch="False" />
            <line number="233" hits="2" branch="False" />
            <line number="234" hits="2" branch="False" />
            <line number="235" hits="2" branch="False" />
            <line number="236" hits="2" branch="False" />
            <line number="237" hits="2" branch="False" />
            <line number="238" hits="2" branch="False" />
            <line number="239" hits="2" branch="False" />
            <line number="240" hits="2" branch="False" />
            <line number="241" hits="2" branch="False" />
            <line number="242" hits="2" branch="False" />
            <line number="243" hits="2" branch="False" />
            <line number="244" hits="2" branch="False" />
            <line number="245" hits="2" branch="False" />
            <line number="246" hits="2" branch="False" />
            <line number="247" hits="2" branch="False" />
            <line number="248" hits="2" branch="False" />
            <line number="250" hits="2" branch="False" />
            <line number="251" hits="2" branch="False" />
            <line number="252" hits="2" branch="False" />
            <line number="253" hits="2" branch="False" />
            <line number="254" hits="2" branch="False" />
            <line number="255" hits="2" branch="False" />
            <line number="256" hits="2" branch="False" />
            <line number="257" hits="2" branch="False" />
            <line number="258" hits="2" branch="False" />
            <line number="259" hits="2" branch="False" />
            <line number="260" hits="2" branch="False" />
            <line number="261" hits="2" branch="False" />
            <line number="262" hits="2" branch="False" />
            <line number="263" hits="2" branch="False" />
            <line number="264" hits="2" branch="False" />
            <line number="265" hits="2" branch="False" />
            <line number="266" hits="2" branch="False" />
            <line number="267" hits="2" branch="False" />
            <line number="268" hits="2" branch="False" />
            <line number="269" hits="2" branch="False" />
            <line number="270" hits="2" branch="False" />
            <line number="271" hits="2" branch="False" />
            <line number="272" hits="2" branch="False" />
            <line number="274" hits="2" branch="False" />
            <line number="275" hits="2" branch="False" />
            <line number="276" hits="2" branch="False" />
            <line number="277" hits="2" branch="False" />
            <line number="278" hits="2" branch="False" />
            <line number="279" hits="2" branch="False" />
            <line number="280" hits="2" branch="False" />
            <line number="281" hits="2" branch="False" />
            <line number="282" hits="2" branch="False" />
            <line number="283" hits="2" branch="False" />
            <line number="284" hits="2" branch="False" />
            <line number="285" hits="2" branch="False" />
            <line number="286" hits="2" branch="False" />
            <line number="287" hits="2" branch="False" />
            <line number="288" hits="2" branch="False" />
            <line number="289" hits="2" branch="False" />
            <line number="290" hits="2" branch="False" />
            <line number="291" hits="2" branch="False" />
            <line number="292" hits="2" branch="False" />
            <line number="293" hits="2" branch="False" />
            <line number="294" hits="2" branch="False" />
            <line number="295" hits="2" branch="False" />
            <line number="296" hits="2" branch="False" />
            <line number="298" hits="2" branch="False" />
            <line number="299" hits="2" branch="False" />
            <line number="300" hits="2" branch="False" />
            <line number="301" hits="2" branch="False" />
            <line number="302" hits="2" branch="False" />
            <line number="303" hits="2" branch="False" />
            <line number="304" hits="2" branch="False" />
            <line number="305" hits="2" branch="False" />
            <line number="306" hits="2" branch="False" />
            <line number="307" hits="2" branch="False" />
            <line number="308" hits="2" branch="False" />
            <line number="309" hits="2" branch="False" />
            <line number="310" hits="2" branch="False" />
            <line number="311" hits="2" branch="False" />
            <line number="312" hits="2" branch="False" />
            <line number="313" hits="2" branch="False" />
            <line number="314" hits="2" branch="False" />
            <line number="315" hits="2" branch="False" />
            <line number="316" hits="2" branch="False" />
            <line number="317" hits="2" branch="False" />
            <line number="318" hits="2" branch="False" />
            <line number="319" hits="2" branch="False" />
            <line number="320" hits="2" branch="False" />
            <line number="322" hits="2" branch="False" />
            <line number="323" hits="2" branch="False" />
            <line number="324" hits="2" branch="False" />
            <line number="325" hits="2" branch="False" />
            <line number="326" hits="2" branch="False" />
            <line number="327" hits="2" branch="False" />
            <line number="328" hits="2" branch="False" />
            <line number="329" hits="2" branch="False" />
            <line number="330" hits="2" branch="False" />
            <line number="331" hits="2" branch="False" />
            <line number="332" hits="2" branch="False" />
            <line number="333" hits="2" branch="False" />
            <line number="334" hits="2" branch="False" />
            <line number="335" hits="2" branch="False" />
            <line number="336" hits="2" branch="False" />
            <line number="337" hits="2" branch="False" />
            <line number="338" hits="2" branch="False" />
            <line number="339" hits="2" branch="False" />
            <line number="340" hits="2" branch="False" />
            <line number="341" hits="2" branch="False" />
            <line number="342" hits="2" branch="False" />
            <line number="343" hits="2" branch="False" />
            <line number="344" hits="2" branch="False" />
            <line number="346" hits="2" branch="False" />
            <line number="347" hits="2" branch="False" />
            <line number="348" hits="2" branch="False" />
            <line number="349" hits="2" branch="False" />
            <line number="350" hits="2" branch="False" />
            <line number="351" hits="2" branch="False" />
            <line number="352" hits="2" branch="False" />
            <line number="353" hits="2" branch="False" />
            <line number="354" hits="2" branch="False" />
            <line number="355" hits="2" branch="False" />
            <line number="356" hits="2" branch="False" />
            <line number="357" hits="2" branch="False" />
            <line number="358" hits="2" branch="False" />
            <line number="359" hits="2" branch="False" />
            <line number="360" hits="2" branch="False" />
            <line number="361" hits="2" branch="False" />
            <line number="362" hits="2" branch="False" />
            <line number="363" hits="2" branch="False" />
            <line number="364" hits="2" branch="False" />
            <line number="365" hits="2" branch="False" />
            <line number="366" hits="2" branch="False" />
            <line number="367" hits="2" branch="False" />
            <line number="368" hits="2" branch="False" />
            <line number="370" hits="2" branch="False" />
            <line number="371" hits="2" branch="False" />
            <line number="372" hits="2" branch="False" />
            <line number="373" hits="2" branch="False" />
            <line number="374" hits="2" branch="False" />
            <line number="375" hits="2" branch="False" />
            <line number="376" hits="2" branch="False" />
            <line number="377" hits="2" branch="False" />
            <line number="378" hits="2" branch="False" />
            <line number="379" hits="2" branch="False" />
            <line number="380" hits="2" branch="False" />
            <line number="381" hits="2" branch="False" />
            <line number="382" hits="2" branch="False" />
            <line number="383" hits="2" branch="False" />
            <line number="384" hits="2" branch="False" />
            <line number="385" hits="2" branch="False" />
            <line number="386" hits="2" branch="False" />
            <line number="387" hits="2" branch="False" />
            <line number="388" hits="2" branch="False" />
            <line number="389" hits="2" branch="False" />
            <line number="390" hits="2" branch="False" />
            <line number="391" hits="2" branch="False" />
            <line number="392" hits="2" branch="False" />
            <line number="394" hits="2" branch="False" />
            <line number="395" hits="2" branch="False" />
            <line number="396" hits="2" branch="False" />
            <line number="397" hits="2" branch="False" />
            <line number="398" hits="2" branch="False" />
            <line number="399" hits="2" branch="False" />
            <line number="400" hits="2" branch="False" />
            <line number="401" hits="2" branch="False" />
            <line number="402" hits="2" branch="False" />
            <line number="403" hits="2" branch="False" />
            <line number="404" hits="2" branch="False" />
            <line number="405" hits="2" branch="False" />
            <line number="406" hits="2" branch="False" />
            <line number="407" hits="2" branch="False" />
            <line number="408" hits="2" branch="False" />
            <line number="409" hits="2" branch="False" />
            <line number="410" hits="2" branch="False" />
            <line number="411" hits="2" branch="False" />
            <line number="412" hits="2" branch="False" />
            <line number="413" hits="2" branch="False" />
            <line number="414" hits="2" branch="False" />
            <line number="415" hits="2" branch="False" />
            <line number="416" hits="2" branch="False" />
            <line number="418" hits="2" branch="False" />
            <line number="419" hits="2" branch="False" />
            <line number="420" hits="2" branch="False" />
            <line number="421" hits="2" branch="False" />
            <line number="422" hits="2" branch="False" />
            <line number="423" hits="2" branch="False" />
            <line number="424" hits="2" branch="False" />
            <line number="425" hits="2" branch="False" />
            <line number="426" hits="2" branch="False" />
            <line number="427" hits="2" branch="False" />
            <line number="428" hits="2" branch="False" />
            <line number="429" hits="2" branch="False" />
            <line number="430" hits="2" branch="False" />
            <line number="431" hits="2" branch="False" />
            <line number="432" hits="2" branch="False" />
            <line number="433" hits="2" branch="False" />
            <line number="434" hits="2" branch="False" />
            <line number="435" hits="2" branch="False" />
            <line number="436" hits="2" branch="False" />
            <line number="437" hits="2" branch="False" />
            <line number="438" hits="2" branch="False" />
            <line number="439" hits="2" branch="False" />
            <line number="440" hits="2" branch="False" />
            <line number="442" hits="2" branch="False" />
            <line number="443" hits="2" branch="False" />
            <line number="444" hits="2" branch="False" />
            <line number="445" hits="2" branch="False" />
            <line number="446" hits="2" branch="False" />
            <line number="447" hits="2" branch="False" />
            <line number="448" hits="2" branch="False" />
            <line number="449" hits="2" branch="False" />
            <line number="450" hits="2" branch="False" />
            <line number="451" hits="2" branch="False" />
            <line number="452" hits="2" branch="False" />
            <line number="453" hits="2" branch="False" />
            <line number="454" hits="2" branch="False" />
            <line number="455" hits="2" branch="False" />
            <line number="456" hits="2" branch="False" />
            <line number="457" hits="2" branch="False" />
            <line number="458" hits="2" branch="False" />
            <line number="459" hits="2" branch="False" />
            <line number="460" hits="2" branch="False" />
            <line number="461" hits="2" branch="False" />
            <line number="462" hits="2" branch="False" />
            <line number="463" hits="2" branch="False" />
            <line number="464" hits="2" branch="False" />
            <line number="466" hits="2" branch="False" />
            <line number="467" hits="2" branch="False" />
            <line number="468" hits="2" branch="False" />
            <line number="469" hits="2" branch="False" />
            <line number="470" hits="2" branch="False" />
            <line number="471" hits="2" branch="False" />
            <line number="472" hits="2" branch="False" />
            <line number="473" hits="2" branch="False" />
            <line number="474" hits="2" branch="False" />
            <line number="475" hits="2" branch="False" />
            <line number="476" hits="2" branch="False" />
            <line number="477" hits="2" branch="False" />
            <line number="478" hits="2" branch="False" />
            <line number="479" hits="2" branch="False" />
            <line number="480" hits="2" branch="False" />
            <line number="481" hits="2" branch="False" />
            <line number="482" hits="2" branch="False" />
            <line number="483" hits="2" branch="False" />
            <line number="484" hits="2" branch="False" />
            <line number="485" hits="2" branch="False" />
            <line number="486" hits="2" branch="False" />
            <line number="487" hits="2" branch="False" />
            <line number="488" hits="2" branch="False" />
            <line number="490" hits="2" branch="False" />
          </lines>
        </class>
      </classes>
    </package>
  </packages>
</coverage>