<?xml version="1.0" encoding="utf-8"?>
<coverage line-rate="0.6078" branch-rate="0.075" version="1.9" timestamp="1774727069" lines-covered="479" lines-valid="788" branches-covered="3" branches-valid="40">
  <sources>
    <source>I:\Projects\TriVita\HealthcarePlatform\HMSService\</source>
  </sources>
  <packages>
    <package name="HMSService.API" line-rate="0.25" branch-rate="1" complexity="17">
      <classes>
        <class name="HMSService.API.Controllers.v1.AppointmentsController" filename="HMSService.API\Controllers\v1\AppointmentsController.cs" line-rate="1" branch-rate="1" complexity="1">
          <methods>
            <method name=".ctor" signature="(HMSService.Application.Services.IAppointmentService)" line-rate="1" branch-rate="1" complexity="1">
              <lines>
                <line number="26" hits="3" branch="False" />
                <line number="27" hits="3" branch="False" />
                <line number="28" hits="3" branch="False" />
                <line number="29" hits="3" branch="False" />
              </lines>
            </method>
          </methods>
          <lines>
            <line number="26" hits="3" branch="False" />
            <line number="27" hits="3" branch="False" />
            <line number="28" hits="3" branch="False" />
            <line number="29" hits="3" branch="False" />
          </lines>
        </class>
        <class name="HMSService.API.Controllers.v1.LabBillingIntegrationController" filename="HMSService.API\Controllers\v1\LabBillingIntegrationController.cs" line-rate="1" branch-rate="1" complexity="1">
          <methods>
            <method name=".ctor" signature="(HMSService.Application.Integration.ILmsBillingClient,Healthcare.Common.MultiTenancy.ITenantContext,Microsoft.Extensions.Logging.ILogger`1&lt;HMSService.API.Controllers.v1.LabBillingIntegrationController&gt;)" line-rate="1" branch-rate="1" complexity="1">
              <lines>
                <line number="26" hits="1" branch="False" />
                <line number="27" hits="1" branch="False" />
                <line number="28" hits="1" branch="False" />
                <line number="29" hits="1" branch="False" />
                <line number="30" hits="1" branch="False" />
                <line number="31" hits="1" branch="False" />
                <line number="32" hits="1" branch="False" />
                <line number="33" hits="1" branch="False" />
                <line number="34" hits="1" branch="False" />
              </lines>
            </method>
          </methods>
          <lines>
            <line number="26" hits="1" branch="False" />
            <line number="27" hits="1" branch="False" />
            <line number="28" hits="1" branch="False" />
            <line number="29" hits="1" branch="False" />
            <line number="30" hits="1" branch="False" />
            <line number="31" hits="1" branch="False" />
            <line number="32" hits="1" branch="False" />
            <line number="33" hits="1" branch="False" />
            <line number="34" hits="1" branch="False" />
          </lines>
        </class>
        <class name="HMSService.API.Controllers.v1.VisitsController" filename="HMSService.API\Controllers\v1\VisitsController.cs" line-rate="1" branch-rate="1" complexity="1">
          <methods>
            <method name=".ctor" signature="(HMSService.Application.Services.IVisitService)" line-rate="1" branch-rate="1" complexity="1">
              <lines>
                <line number="26" hits="3" branch="False" />
                <line number="27" hits="3" branch="False" />
                <line number="28" hits="3" branch="False" />
                <line number="29" hits="3" branch="False" />
              </lines>
            </method>
          </methods>
          <lines>
            <line number="26" hits="3" branch="False" />
            <line number="27" hits="3" branch="False" />
            <line number="28" hits="3" branch="False" />
            <line number="29" hits="3" branch="False" />
          </lines>
        </class>
        <class name="HMSService.API.Controllers.v1.VisitTypesController" filename="HMSService.API\Controllers\v1\VisitTypesController.cs" line-rate="1" branch-rate="1" complexity="1">
          <methods>
            <method name=".ctor" signature="(HMSService.Application.Services.Extended.IVisitTypeService,Healthcare.Common.MultiTenancy.ITenantContext,Microsoft.Extensions.Logging.ILogger`1&lt;HMSService.API.Controllers.v1.VisitTypesController&gt;)" line-rate="1" branch-rate="1" complexity="1">
              <lines>
                <line number="29" hits="1" branch="False" />
                <line number="30" hits="1" branch="False" />
                <line number="31" hits="1" branch="False" />
                <line number="32" hits="1" branch="False" />
                <line number="33" hits="1" branch="False" />
                <line number="34" hits="1" branch="False" />
                <line number="35" hits="1" branch="False" />
                <line number="36" hits="1" branch="False" />
                <line number="37" hits="1" branch="False" />
              </lines>
            </method>
          </methods>
          <lines>
            <line number="29" hits="1" branch="False" />
            <line number="30" hits="1" branch="False" />
            <line number="31" hits="1" branch="False" />
            <line number="32" hits="1" branch="False" />
            <line number="33" hits="1" branch="False" />
            <line number="34" hits="1" branch="False" />
            <line number="35" hits="1" branch="False" />
            <line number="36" hits="1" branch="False" />
            <line number="37" hits="1" branch="False" />
          </lines>
        </class>
        <class name="HMSService.API.Controllers.v1.Extended.AppointmentQueueController" filename="HMSService.API\Controllers\v1\Extended\AppointmentQueueController.cs" line-rate="0" branch-rate="1" complexity="1">
          <methods>
            <method name=".ctor" signature="(HMSService.Application.Services.Extended.IAppointmentQueueService,Healthcare.Common.MultiTenancy.ITenantContext,Microsoft.Extensions.Logging.ILogger`1&lt;HMSService.API.Controllers.v1.Extended.AppointmentQueueController&gt;)" line-rate="0" branch-rate="1" complexity="1">
              <lines>
                <line number="29" hits="0" branch="False" />
                <line number="30" hits="0" branch="False" />
                <line number="31" hits="0" branch="False" />
                <line number="32" hits="0" branch="False" />
                <line number="33" hits="0" branch="False" />
                <line number="34" hits="0" branch="False" />
              </lines>
            </method>
          </methods>
          <lines>
            <line number="29" hits="0" branch="False" />
            <line number="30" hits="0" branch="False" />
            <line number="31" hits="0" branch="False" />
            <line number="32" hits="0" branch="False" />
            <line number="33" hits="0" branch="False" />
            <line number="34" hits="0" branch="False" />
          </lines>
        </class>
        <class name="HMSService.API.Controllers.v1.Extended.AppointmentStatusHistoryController" filename="HMSService.API\Controllers\v1\Extended\AppointmentStatusHistoryController.cs" line-rate="0" branch-rate="1" complexity="1">
          <methods>
            <method name=".ctor" signature="(HMSService.Application.Services.Extended.IAppointmentStatusHistoryService,Healthcare.Common.MultiTenancy.ITenantContext,Microsoft.Extensions.Logging.ILogger`1&lt;HMSService.API.Controllers.v1.Extended.AppointmentStatusHistoryController&gt;)" line-rate="0" branch-rate="1" complexity="1">
              <lines>
                <line number="29" hits="0" branch="False" />
                <line number="30" hits="0" branch="False" />
                <line number="31" hits="0" branch="False" />
                <line number="32" hits="0" branch="False" />
                <line number="33" hits="0" branch="False" />
                <line number="34" hits="0" branch="False" />
              </lines>
            </method>
          </methods>
          <lines>
            <line number="29" hits="0" branch="False" />
            <line number="30" hits="0" branch="False" />
            <line number="31" hits="0" branch="False" />
            <line number="32" hits="0" branch="False" />
            <line number="33" hits="0" branch="False" />
            <line number="34" hits="0" branch="False" />
          </lines>
        </class>
        <class name="HMSService.API.Controllers.v1.Extended.BillingHeadersController" filename="HMSService.API\Controllers\v1\Extended\BillingHeadersController.cs" line-rate="0" branch-rate="1" complexity="1">
          <methods>
            <method name=".ctor" signature="(HMSService.Application.Services.Extended.IBillingHeaderService,Healthcare.Common.MultiTenancy.ITenantContext,Microsoft.Extensions.Logging.ILogger`1&lt;HMSService.API.Controllers.v1.Extended.BillingHeadersController&gt;)" line-rate="0" branch-rate="1" complexity="1">
              <lines>
                <line number="29" hits="0" branch="False" />
                <line number="30" hits="0" branch="False" />
                <line number="31" hits="0" branch="False" />
                <line number="32" hits="0" branch="False" />
                <line number="33" hits="0" branch="False" />
                <line number="34" hits="0" branch="False" />
              </lines>
            </method>
          </methods>
          <lines>
            <line number="29" hits="0" branch="False" />
            <line number="30" hits="0" branch="False" />
            <line number="31" hits="0" branch="False" />
            <line number="32" hits="0" branch="False" />
            <line number="33" hits="0" branch="False" />
            <line number="34" hits="0" branch="False" />
          </lines>
        </class>
        <class name="HMSService.API.Controllers.v1.Extended.BillingItemsController" filename="HMSService.API\Controllers\v1\Extended\BillingItemsController.cs" line-rate="0" branch-rate="1" complexity="1">
          <methods>
            <method name=".ctor" signature="(HMSService.Application.Services.Extended.IBillingItemService,Healthcare.Common.MultiTenancy.ITenantContext,Microsoft.Extensions.Logging.ILogger`1&lt;HMSService.API.Controllers.v1.Extended.BillingItemsController&gt;)" line-rate="0" branch-rate="1" complexity="1">
              <lines>
                <line number="29" hits="0" branch="False" />
                <line number="30" hits="0" branch="False" />
                <line number="31" hits="0" branch="False" />
                <line number="32" hits="0" branch="False" />
                <line number="33" hits="0" branch="False" />
                <line number="34" hits="0" branch="False" />
              </lines>
            </method>
          </methods>
          <lines>
            <line number="29" hits="0" branch="False" />
            <line number="30" hits="0" branch="False" />
            <line number="31" hits="0" branch="False" />
            <line number="32" hits="0" branch="False" />
            <line number="33" hits="0" branch="False" />
            <line number="34" hits="0" branch="False" />
          </lines>
        </class>
        <class name="HMSService.API.Controllers.v1.Extended.ClinicalNotesController" filename="HMSService.API\Controllers\v1\Extended\ClinicalNotesController.cs" line-rate="0" branch-rate="1" complexity="1">
          <methods>
            <method name=".ctor" signature="(HMSService.Application.Services.Extended.IClinicalNoteService,Healthcare.Common.MultiTenancy.ITenantContext,Microsoft.Extensions.Logging.ILogger`1&lt;HMSService.API.Controllers.v1.Extended.ClinicalNotesController&gt;)" line-rate="0" branch-rate="1" complexity="1">
              <lines>
                <line number="29" hits="0" branch="False" />
                <line number="30" hits="0" branch="False" />
                <line number="31" hits="0" branch="False" />
                <line number="32" hits="0" branch="False" />
                <line number="33" hits="0" branch="False" />
                <line number="34" hits="0" branch="False" />
              </lines>
            </method>
          </methods>
          <lines>
            <line number="29" hits="0" branch="False" />
            <line number="30" hits="0" branch="False" />
            <line number="31" hits="0" branch="False" />
            <line number="32" hits="0" branch="False" />
            <line number="33" hits="0" branch="False" />
            <line number="34" hits="0" branch="False" />
          </lines>
        </class>
        <class name="HMSService.API.Controllers.v1.Extended.DiagnosesController" filename="HMSService.API\Controllers\v1\Extended\DiagnosesController.cs" line-rate="0" branch-rate="1" complexity="1">
          <methods>
            <method name=".ctor" signature="(HMSService.Application.Services.Extended.IDiagnosisService,Healthcare.Common.MultiTenancy.ITenantContext,Microsoft.Extensions.Logging.ILogger`1&lt;HMSService.API.Controllers.v1.Extended.DiagnosesController&gt;)" line-rate="0" branch-rate="1" complexity="1">
              <lines>
                <line number="29" hits="0" branch="False" />
                <line number="30" hits="0" branch="False" />
                <line number="31" hits="0" branch="False" />
                <line number="32" hits="0" branch="False" />
                <line number="33" hits="0" branch="False" />
                <line number="34" hits="0" branch="False" />
              </lines>
            </method>
          </methods>
          <lines>
            <line number="29" hits="0" branch="False" />
            <line number="30" hits="0" branch="False" />
            <line number="31" hits="0" branch="False" />
            <line number="32" hits="0" branch="False" />
            <line number="33" hits="0" branch="False" />
            <line number="34" hits="0" branch="False" />
          </lines>
        </class>
        <class name="HMSService.API.Controllers.v1.Extended.MedicalProceduresController" filename="HMSService.API\Controllers\v1\Extended\MedicalProceduresController.cs" line-rate="0" branch-rate="1" complexity="1">
          <methods>
            <method name=".ctor" signature="(HMSService.Application.Services.Extended.IMedicalProcedureService,Healthcare.Common.MultiTenancy.ITenantContext,Microsoft.Extensions.Logging.ILogger`1&lt;HMSService.API.Controllers.v1.Extended.MedicalProceduresController&gt;)" line-rate="0" branch-rate="1" complexity="1">
              <lines>
                <line number="29" hits="0" branch="False" />
                <line number="30" hits="0" branch="False" />
                <line number="31" hits="0" branch="False" />
                <line number="32" hits="0" branch="False" />
                <line number="33" hits="0" branch="False" />
                <line number="34" hits="0" branch="False" />
              </lines>
            </method>
          </methods>
          <lines>
            <line number="29" hits="0" branch="False" />
            <line number="30" hits="0" branch="False" />
            <line number="31" hits="0" branch="False" />
            <line number="32" hits="0" branch="False" />
            <line number="33" hits="0" branch="False" />
            <line number="34" hits="0" branch="False" />
          </lines>
        </class>
        <class name="HMSService.API.Controllers.v1.Extended.PaymentModesController" filename="HMSService.API\Controllers\v1\Extended\PaymentModesController.cs" line-rate="0" branch-rate="1" complexity="1">
          <methods>
            <method name=".ctor" signature="(HMSService.Application.Services.Extended.IPaymentModeService,Healthcare.Common.MultiTenancy.ITenantContext,Microsoft.Extensions.Logging.ILogger`1&lt;HMSService.API.Controllers.v1.Extended.PaymentModesController&gt;)" line-rate="0" branch-rate="1" complexity="1">
              <lines>
                <line number="29" hits="0" branch="False" />
                <line number="30" hits="0" branch="False" />
                <line number="31" hits="0" branch="False" />
                <line number="32" hits="0" branch="False" />
                <line number="33" hits="0" branch="False" />
                <line number="34" hits="0" branch="False" />
              </lines>
            </method>
          </methods>
          <lines>
            <line number="29" hits="0" branch="False" />
            <line number="30" hits="0" branch="False" />
            <line number="31" hits="0" branch="False" />
            <line number="32" hits="0" branch="False" />
            <line number="33" hits="0" branch="False" />
            <line number="34" hits="0" branch="False" />
          </lines>
        </class>
        <class name="HMSService.API.Controllers.v1.Extended.PaymentTransactionsController" filename="HMSService.API\Controllers\v1\Extended\PaymentTransactionsController.cs" line-rate="0" branch-rate="1" complexity="1">
          <methods>
            <method name=".ctor" signature="(HMSService.Application.Services.Extended.IPaymentTransactionService,Healthcare.Common.MultiTenancy.ITenantContext,Microsoft.Extensions.Logging.ILogger`1&lt;HMSService.API.Controllers.v1.Extended.PaymentTransactionsController&gt;)" line-rate="0" branch-rate="1" complexity="1">
              <lines>
                <line number="29" hits="0" branch="False" />
                <line number="30" hits="0" branch="False" />
                <line number="31" hits="0" branch="False" />
                <line number="32" hits="0" branch="False" />
                <line number="33" hits="0" branch="False" />
                <line number="34" hits="0" branch="False" />
              </lines>
            </method>
          </methods>
          <lines>
            <line number="29" hits="0" branch="False" />
            <line number="30" hits="0" branch="False" />
            <line number="31" hits="0" branch="False" />
            <line number="32" hits="0" branch="False" />
            <line number="33" hits="0" branch="False" />
            <line number="34" hits="0" branch="False" />
          </lines>
        </class>
        <class name="HMSService.API.Controllers.v1.Extended.PrescriptionItemsController" filename="HMSService.API\Controllers\v1\Extended\PrescriptionItemsController.cs" line-rate="0" branch-rate="1" complexity="1">
          <methods>
            <method name=".ctor" signature="(HMSService.Application.Services.Extended.IPrescriptionItemService,Healthcare.Common.MultiTenancy.ITenantContext,Microsoft.Extensions.Logging.ILogger`1&lt;HMSService.API.Controllers.v1.Extended.PrescriptionItemsController&gt;)" line-rate="0" branch-rate="1" complexity="1">
              <lines>
                <line number="29" hits="0" branch="False" />
                <line number="30" hits="0" branch="False" />
                <line number="31" hits="0" branch="False" />
                <line number="32" hits="0" branch="False" />
                <line number="33" hits="0" branch="False" />
                <line number="34" hits="0" branch="False" />
              </lines>
            </method>
          </methods>
          <lines>
            <line number="29" hits="0" branch="False" />
            <line number="30" hits="0" branch="False" />
            <line number="31" hits="0" branch="False" />
            <line number="32" hits="0" branch="False" />
            <line number="33" hits="0" branch="False" />
            <line number="34" hits="0" branch="False" />
          </lines>
        </class>
        <class name="HMSService.API.Controllers.v1.Extended.PrescriptionNotesController" filename="HMSService.API\Controllers\v1\Extended\PrescriptionNotesController.cs" line-rate="0" branch-rate="1" complexity="1">
          <methods>
            <method name=".ctor" signature="(HMSService.Application.Services.Extended.IPrescriptionNoteService,Healthcare.Common.MultiTenancy.ITenantContext,Microsoft.Extensions.Logging.ILogger`1&lt;HMSService.API.Controllers.v1.Extended.PrescriptionNotesController&gt;)" line-rate="0" branch-rate="1" complexity="1">
              <lines>
                <line number="29" hits="0" branch="False" />
                <line number="30" hits="0" branch="False" />
                <line number="31" hits="0" branch="False" />
                <line number="32" hits="0" branch="False" />
                <line number="33" hits="0" branch="False" />
                <line number="34" hits="0" branch="False" />
              </lines>
            </method>
          </methods>
          <lines>
            <line number="29" hits="0" branch="False" />
            <line number="30" hits="0" branch="False" />
            <line number="31" hits="0" branch="False" />
            <line number="32" hits="0" branch="False" />
            <line number="33" hits="0" branch="False" />
            <line number="34" hits="0" branch="False" />
          </lines>
        </class>
        <class name="HMSService.API.Controllers.v1.Extended.PrescriptionsController" filename="HMSService.API\Controllers\v1\Extended\PrescriptionsController.cs" line-rate="0" branch-rate="1" complexity="1">
          <methods>
            <method name=".ctor" signature="(HMSService.Application.Services.Extended.IPrescriptionService,Healthcare.Common.MultiTenancy.ITenantContext,Microsoft.Extensions.Logging.ILogger`1&lt;HMSService.API.Controllers.v1.Extended.PrescriptionsController&gt;)" line-rate="0" branch-rate="1" complexity="1">
              <lines>
                <line number="29" hits="0" branch="False" />
                <line number="30" hits="0" branch="False" />
                <line number="31" hits="0" branch="False" />
                <line number="32" hits="0" branch="False" />
                <line number="33" hits="0" branch="False" />
                <line number="34" hits="0" branch="False" />
              </lines>
            </method>
          </methods>
          <lines>
            <line number="29" hits="0" branch="False" />
            <line number="30" hits="0" branch="False" />
            <line number="31" hits="0" branch="False" />
            <line number="32" hits="0" branch="False" />
            <line number="33" hits="0" branch="False" />
            <line number="34" hits="0" branch="False" />
          </lines>
        </class>
        <class name="HMSService.API.Controllers.v1.Extended.VitalsController" filename="HMSService.API\Controllers\v1\Extended\VitalsController.cs" line-rate="0" branch-rate="1" complexity="1">
          <methods>
            <method name=".ctor" signature="(HMSService.Application.Services.Extended.IVitalService,Healthcare.Common.MultiTenancy.ITenantContext,Microsoft.Extensions.Logging.ILogger`1&lt;HMSService.API.Controllers.v1.Extended.VitalsController&gt;)" line-rate="0" branch-rate="1" complexity="1">
              <lines>
                <line number="29" hits="0" branch="False" />
                <line number="30" hits="0" branch="False" />
                <line number="31" hits="0" branch="False" />
                <line number="32" hits="0" branch="False" />
                <line number="33" hits="0" branch="False" />
                <line number="34" hits="0" branch="False" />
              </lines>
            </method>
          </methods>
          <lines>
            <line number="29" hits="0" branch="False" />
            <line number="30" hits="0" branch="False" />
            <line number="31" hits="0" branch="False" />
            <line number="32" hits="0" branch="False" />
            <line number="33" hits="0" branch="False" />
            <line number="34" hits="0" branch="False" />
          </lines>
        </class>
      </classes>
    </package>
    <package name="HMSService.Application" line-rate="0.6622" branch-rate="0.075" complexity="105">
      <classes>
        <class name="HMSService.Application.DependencyInjection" filename="HMSService.Application\DependencyInjection.cs" line-rate="1" branch-rate="1" complexity="1">
          <methods>
            <method name="AddHmsApplication" signature="(Microsoft.Extensions.DependencyInjection.IServiceCollection)" line-rate="1" branch-rate="1" complexity="1">
              <lines>
                <line number="14" hits="1" branch="False" />
                <line number="15" hits="1" branch="False" />
                <line number="16" hits="1" branch="False" />
                <line number="18" hits="1" branch="False" />
                <line number="19" hits="1" branch="False" />
                <line number="20" hits="1" branch="False" />
                <line number="22" hits="1" branch="False" />
                <line number="23" hits="1" branch="False" />
                <line number="24" hits="1" branch="False" />
                <line number="25" hits="1" branch="False" />
                <line number="26" hits="1" branch="False" />
                <line number="27" hits="1" branch="False" />
                <line number="28" hits="1" branch="False" />
                <line number="29" hits="1" branch="False" />
                <line number="30" hits="1" branch="False" />
                <line number="31" hits="1" branch="False" />
                <line number="32" hits="1" branch="False" />
                <line number="33" hits="1" branch="False" />
                <line number="34" hits="1" branch="False" />
                <line number="35" hits="1" branch="False" />
                <line number="37" hits="1" branch="False" />
                <line number="38" hits="1" branch="False" />
              </lines>
            </method>
          </methods>
          <lines>
            <line number="14" hits="1" branch="False" />
            <line number="15" hits="1" branch="False" />
            <line number="16" hits="1" branch="False" />
            <line number="18" hits="1" branch="False" />
            <line number="19" hits="1" branch="False" />
            <line number="20" hits="1" branch="False" />
            <line number="22" hits="1" branch="False" />
            <line number="23" hits="1" branch="False" />
            <line number="24" hits="1" branch="False" />
            <line number="25" hits="1" branch="False" />
            <line number="26" hits="1" branch="False" />
            <line number="27" hits="1" branch="False" />
            <line number="28" hits="1" branch="False" />
            <line number="29" hits="1" branch="False" />
            <line number="30" hits="1" branch="False" />
            <line number="31" hits="1" branch="False" />
            <line number="32" hits="1" branch="False" />
            <line number="33" hits="1" branch="False" />
            <line number="34" hits="1" branch="False" />
            <line number="35" hits="1" branch="False" />
            <line number="37" hits="1" branch="False" />
            <line number="38" hits="1" branch="False" />
          </lines>
        </class>
        <class name="HMSService.Application.Validation.CreateAppointmentValidator" filename="HMSService.Application\Validation\CreateAppointmentValidator.cs" line-rate="0" branch-rate="1" complexity="1">
          <methods>
            <method name=".ctor" signature="()" line-rate="0" branch-rate="1" complexity="1">
              <lines>
                <line number="8" hits="0" branch="False" />
                <line number="9" hits="0" branch="False" />
                <line number="10" hits="0" branch="False" />
                <line number="11" hits="0" branch="False" />
                <line number="12" hits="0" branch="False" />
                <line number="13" hits="0" branch="False" />
                <line number="14" hits="0" branch="False" />
                <line number="16" hits="0" branch="False" />
                <line number="17" hits="0" branch="False" />
                <line number="18" hits="0" branch="False" />
                <line number="19" hits="0" branch="False" />
              </lines>
            </method>
          </methods>
          <lines>
            <line number="8" hits="0" branch="False" />
            <line number="9" hits="0" branch="False" />
            <line number="10" hits="0" branch="False" />
            <line number="11" hits="0" branch="False" />
            <line number="12" hits="0" branch="False" />
            <line number="13" hits="0" branch="False" />
            <line number="14" hits="0" branch="False" />
            <line number="16" hits="0" branch="False" />
            <line number="17" hits="0" branch="False" />
            <line number="18" hits="0" branch="False" />
            <line number="19" hits="0" branch="False" />
          </lines>
        </class>
        <class name="HMSService.Application.Validation.CreateVisitValidator" filename="HMSService.Application\Validation\CreateVisitValidator.cs" line-rate="0" branch-rate="1" complexity="1">
          <methods>
            <method name=".ctor" signature="()" line-rate="0" branch-rate="1" complexity="1">
              <lines>
                <line number="8" hits="0" branch="False" />
                <line number="9" hits="0" branch="False" />
                <line number="10" hits="0" branch="False" />
                <line number="11" hits="0" branch="False" />
                <line number="12" hits="0" branch="False" />
                <line number="13" hits="0" branch="False" />
                <line number="14" hits="0" branch="False" />
                <line number="15" hits="0" branch="False" />
                <line number="16" hits="0" branch="False" />
              </lines>
            </method>
          </methods>
          <lines>
            <line number="8" hits="0" branch="False" />
            <line number="9" hits="0" branch="False" />
            <line number="10" hits="0" branch="False" />
            <line number="11" hits="0" branch="False" />
            <line number="12" hits="0" branch="False" />
            <line number="13" hits="0" branch="False" />
            <line number="14" hits="0" branch="False" />
            <line number="15" hits="0" branch="False" />
            <line number="16" hits="0" branch="False" />
          </lines>
        </class>
        <class name="HMSService.Application.Validation.UpdateAppointmentValidator" filename="HMSService.Application\Validation\UpdateAppointmentValidator.cs" line-rate="0" branch-rate="1" complexity="1">
          <methods>
            <method name=".ctor" signature="()" line-rate="0" branch-rate="1" complexity="1">
              <lines>
                <line number="8" hits="0" branch="False" />
                <line number="9" hits="0" branch="False" />
                <line number="10" hits="0" branch="False" />
                <line number="11" hits="0" branch="False" />
                <line number="12" hits="0" branch="False" />
                <line number="13" hits="0" branch="False" />
                <line number="15" hits="0" branch="False" />
                <line number="16" hits="0" branch="False" />
                <line number="17" hits="0" branch="False" />
                <line number="18" hits="0" branch="False" />
              </lines>
            </method>
          </methods>
          <lines>
            <line number="8" hits="0" branch="False" />
            <line number="9" hits="0" branch="False" />
            <line number="10" hits="0" branch="False" />
            <line number="11" hits="0" branch="False" />
            <line number="12" hits="0" branch="False" />
            <line number="13" hits="0" branch="False" />
            <line number="15" hits="0" branch="False" />
            <line number="16" hits="0" branch="False" />
            <line number="17" hits="0" branch="False" />
            <line number="18" hits="0" branch="False" />
          </lines>
        </class>
        <class name="HMSService.Application.Validation.UpdateVisitValidator" filename="HMSService.Application\Validation\UpdateVisitValidator.cs" line-rate="0" branch-rate="1" complexity="1">
          <methods>
            <method name=".ctor" signature="()" line-rate="0" branch-rate="1" complexity="1">
              <lines>
                <line number="8" hits="0" branch="False" />
                <line number="9" hits="0" branch="False" />
                <line number="10" hits="0" branch="False" />
                <line number="11" hits="0" branch="False" />
                <line number="12" hits="0" branch="False" />
                <line number="13" hits="0" branch="False" />
                <line number="14" hits="0" branch="False" />
                <line number="15" hits="0" branch="False" />
              </lines>
            </method>
          </methods>
          <lines>
            <line number="8" hits="0" branch="False" />
            <line number="9" hits="0" branch="False" />
            <line number="10" hits="0" branch="False" />
            <line number="11" hits="0" branch="False" />
            <line number="12" hits="0" branch="False" />
            <line number="13" hits="0" branch="False" />
            <line number="14" hits="0" branch="False" />
            <line number="15" hits="0" branch="False" />
          </lines>
        </class>
        <class name="HMSService.Application.Validation.VisitTypes.CreateVisitTypeValidator" filename="HMSService.Application\Validation\VisitTypes\CreateVisitTypeValidator.cs" line-rate="1" branch-rate="1" complexity="1">
          <methods>
            <method name=".ctor" signature="()" line-rate="1" branch-rate="1" complexity="1">
              <lines>
                <line number="8" hits="1" branch="False" />
                <line number="9" hits="1" branch="False" />
                <line number="10" hits="1" branch="False" />
                <line number="11" hits="1" branch="False" />
                <line number="12" hits="1" branch="False" />
              </lines>
            </method>
          </methods>
          <lines>
            <line number="8" hits="1" branch="False" />
            <line number="9" hits="1" branch="False" />
            <line number="10" hits="1" branch="False" />
            <line number="11" hits="1" branch="False" />
            <line number="12" hits="1" branch="False" />
          </lines>
        </class>
        <class name="HMSService.Application.Validation.VisitTypes.UpdateVisitTypeValidator" filename="HMSService.Application\Validation\VisitTypes\UpdateVisitTypeValidator.cs" line-rate="1" branch-rate="1" complexity="1">
          <methods>
            <method name=".ctor" signature="()" line-rate="1" branch-rate="1" complexity="1">
              <lines>
                <line number="8" hits="1" branch="False" />
                <line number="9" hits="1" branch="False" />
                <line number="10" hits="1" branch="False" />
                <line number="11" hits="1" branch="False" />
                <line number="12" hits="1" branch="False" />
              </lines>
            </method>
          </methods>
          <lines>
            <line number="8" hits="1" branch="False" />
            <line number="9" hits="1" branch="False" />
            <line number="10" hits="1" branch="False" />
            <line number="11" hits="1" branch="False" />
            <line number="12" hits="1" branch="False" />
          </lines>
        </class>
        <class name="HMSService.Application.Validation.Extended.CreateAppointmentQueueValidator" filename="HMSService.Application\Validation\Extended\CreateAppointmentQueueValidator.cs" line-rate="0" branch-rate="1" complexity="1">
          <methods>
            <method name=".ctor" signature="()" line-rate="0" branch-rate="1" complexity="1">
              <lines>
                <line number="8" hits="0" branch="False" />
                <line number="9" hits="0" branch="False" />
                <line number="11" hits="0" branch="False" />
              </lines>
            </method>
          </methods>
          <lines>
            <line number="8" hits="0" branch="False" />
            <line number="9" hits="0" branch="False" />
            <line number="11" hits="0" branch="False" />
          </lines>
        </class>
        <class name="HMSService.Application.Validation.Extended.CreateAppointmentStatusHistoryValidator" filename="HMSService.Application\Validation\Extended\CreateAppointmentStatusHistoryValidator.cs" line-rate="0" branch-rate="1" complexity="1">
          <methods>
            <method name=".ctor" signature="()" line-rate="0" branch-rate="1" complexity="1">
              <lines>
                <line number="8" hits="0" branch="False" />
                <line number="9" hits="0" branch="False" />
                <line number="11" hits="0" branch="False" />
              </lines>
            </method>
          </methods>
          <lines>
            <line number="8" hits="0" branch="False" />
            <line number="9" hits="0" branch="False" />
            <line number="11" hits="0" branch="False" />
          </lines>
        </class>
        <class name="HMSService.Application.Validation.Extended.CreateBillingHeaderValidator" filename="HMSService.Application\Validation\Extended\CreateBillingHeaderValidator.cs" line-rate="0" branch-rate="1" complexity="1">
          <methods>
            <method name=".ctor" signature="()" line-rate="0" branch-rate="1" complexity="1">
              <lines>
                <line number="8" hits="0" branch="False" />
                <line number="9" hits="0" branch="False" />
                <line number="11" hits="0" branch="False" />
              </lines>
            </method>
          </methods>
          <lines>
            <line number="8" hits="0" branch="False" />
            <line number="9" hits="0" branch="False" />
            <line number="11" hits="0" branch="False" />
          </lines>
        </class>
        <class name="HMSService.Application.Validation.Extended.CreateBillingItemValidator" filename="HMSService.Application\Validation\Extended\CreateBillingItemValidator.cs" line-rate="0" branch-rate="1" complexity="1">
          <methods>
            <method name=".ctor" signature="()" line-rate="0" branch-rate="1" complexity="1">
              <lines>
                <line number="8" hits="0" branch="False" />
                <line number="9" hits="0" branch="False" />
                <line number="11" hits="0" branch="False" />
              </lines>
            </method>
          </methods>
          <lines>
            <line number="8" hits="0" branch="False" />
            <line number="9" hits="0" branch="False" />
            <line number="11" hits="0" branch="False" />
          </lines>
        </class>
        <class name="HMSService.Application.Validation.Extended.CreateClinicalNoteValidator" filename="HMSService.Application\Validation\Extended\CreateClinicalNoteValidator.cs" line-rate="0" branch-rate="1" complexity="1">
          <methods>
            <method name=".ctor" signature="()" line-rate="0" branch-rate="1" complexity="1">
              <lines>
                <line number="8" hits="0" branch="False" />
                <line number="9" hits="0" branch="False" />
                <line number="11" hits="0" branch="False" />
              </lines>
            </method>
          </methods>
          <lines>
            <line number="8" hits="0" branch="False" />
            <line number="9" hits="0" branch="False" />
            <line number="11" hits="0" branch="False" />
          </lines>
        </class>
        <class name="HMSService.Application.Validation.Extended.CreateDiagnosisValidator" filename="HMSService.Application\Validation\Extended\CreateDiagnosisValidator.cs" line-rate="0" branch-rate="1" complexity="1">
          <methods>
            <method name=".ctor" signature="()" line-rate="0" branch-rate="1" complexity="1">
              <lines>
                <line number="8" hits="0" branch="False" />
                <line number="9" hits="0" branch="False" />
                <line number="11" hits="0" branch="False" />
              </lines>
            </method>
          </methods>
          <lines>
            <line number="8" hits="0" branch="False" />
            <line number="9" hits="0" branch="False" />
            <line number="11" hits="0" branch="False" />
          </lines>
        </class>
        <class name="HMSService.Application.Validation.Extended.CreateMedicalProcedureValidator" filename="HMSService.Application\Validation\Extended\CreateMedicalProcedureValidator.cs" line-rate="0" branch-rate="1" complexity="1">
          <methods>
            <method name=".ctor" signature="()" line-rate="0" branch-rate="1" complexity="1">
              <lines>
                <line number="8" hits="0" branch="False" />
                <line number="9" hits="0" branch="False" />
                <line number="11" hits="0" branch="False" />
              </lines>
            </method>
          </methods>
          <lines>
            <line number="8" hits="0" branch="False" />
            <line number="9" hits="0" branch="False" />
            <line number="11" hits="0" branch="False" />
          </lines>
        </class>
        <class name="HMSService.Application.Validation.Extended.CreatePaymentModeValidator" filename="HMSService.Application\Validation\Extended\CreatePaymentModeValidator.cs" line-rate="0" branch-rate="1" complexity="1">
          <methods>
            <method name=".ctor" signature="()" line-rate="0" branch-rate="1" complexity="1">
              <lines>
                <line number="8" hits="0" branch="False" />
                <line number="9" hits="0" branch="False" />
                <line number="11" hits="0" branch="False" />
              </lines>
            </method>
          </methods>
          <lines>
            <line number="8" hits="0" branch="False" />
            <line number="9" hits="0" branch="False" />
            <line number="11" hits="0" branch="False" />
          </lines>
        </class>
        <class name="HMSService.Application.Validation.Extended.CreatePaymentTransactionValidator" filename="HMSService.Application\Validation\Extended\CreatePaymentTransactionValidator.cs" line-rate="0" branch-rate="1" complexity="1">
          <methods>
            <method name=".ctor" signature="()" line-rate="0" branch-rate="1" complexity="1">
              <lines>
                <line number="8" hits="0" branch="False" />
                <line number="9" hits="0" branch="False" />
                <line number="11" hits="0" branch="False" />
              </lines>
            </method>
          </methods>
          <lines>
            <line number="8" hits="0" branch="False" />
            <line number="9" hits="0" branch="False" />
            <line number="11" hits="0" branch="False" />
          </lines>
        </class>
        <class name="HMSService.Application.Validation.Extended.CreatePrescriptionItemValidator" filename="HMSService.Application\Validation\Extended\CreatePrescriptionItemValidator.cs" line-rate="0" branch-rate="1" complexity="1">
          <methods>
            <method name=".ctor" signature="()" line-rate="0" branch-rate="1" complexity="1">
              <lines>
                <line number="8" hits="0" branch="False" />
                <line number="9" hits="0" branch="False" />
                <line number="11" hits="0" branch="False" />
              </lines>
            </method>
          </methods>
          <lines>
            <line number="8" hits="0" branch="False" />
            <line number="9" hits="0" branch="False" />
            <line number="11" hits="0" branch="False" />
          </lines>
        </class>
        <class name="HMSService.Application.Validation.Extended.CreatePrescriptionNoteValidator" filename="HMSService.Application\Validation\Extended\CreatePrescriptionNoteValidator.cs" line-rate="0" branch-rate="1" complexity="1">
          <methods>
            <method name=".ctor" signature="()" line-rate="0" branch-rate="1" complexity="1">
              <lines>
                <line number="8" hits="0" branch="False" />
                <line number="9" hits="0" branch="False" />
                <line number="11" hits="0" branch="False" />
              </lines>
            </method>
          </methods>
          <lines>
            <line number="8" hits="0" branch="False" />
            <line number="9" hits="0" branch="False" />
            <line number="11" hits="0" branch="False" />
          </lines>
        </class>
        <class name="HMSService.Application.Validation.Extended.CreatePrescriptionValidator" filename="HMSService.Application\Validation\Extended\CreatePrescriptionValidator.cs" line-rate="0" branch-rate="1" complexity="1">
          <methods>
            <method name=".ctor" signature="()" line-rate="0" branch-rate="1" complexity="1">
              <lines>
                <line number="8" hits="0" branch="False" />
                <line number="9" hits="0" branch="False" />
                <line number="11" hits="0" branch="False" />
              </lines>
            </method>
          </methods>
          <lines>
            <line number="8" hits="0" branch="False" />
            <line number="9" hits="0" branch="False" />
            <line number="11" hits="0" branch="False" />
          </lines>
        </class>
        <class name="HMSService.Application.Validation.Extended.CreateVitalValidator" filename="HMSService.Application\Validation\Extended\CreateVitalValidator.cs" line-rate="0" branch-rate="1" complexity="1">
          <methods>
            <method name=".ctor" signature="()" line-rate="0" branch-rate="1" complexity="1">
              <lines>
                <line number="8" hits="0" branch="False" />
                <line number="9" hits="0" branch="False" />
                <line number="11" hits="0" branch="False" />
              </lines>
            </method>
          </methods>
          <lines>
            <line number="8" hits="0" branch="False" />
            <line number="9" hits="0" branch="False" />
            <line number="11" hits="0" branch="False" />
          </lines>
        </class>
        <class name="HMSService.Application.Validation.Extended.UpdateAppointmentQueueValidator" filename="HMSService.Application\Validation\Extended\UpdateAppointmentQueueValidator.cs" line-rate="0" branch-rate="1" complexity="1">
          <methods>
            <method name=".ctor" signature="()" line-rate="0" branch-rate="1" complexity="1">
              <lines>
                <line number="8" hits="0" branch="False" />
                <line number="9" hits="0" branch="False" />
                <line number="11" hits="0" branch="False" />
              </lines>
            </method>
          </methods>
          <lines>
            <line number="8" hits="0" branch="False" />
            <line number="9" hits="0" branch="False" />
            <line number="11" hits="0" branch="False" />
          </lines>
        </class>
        <class name="HMSService.Application.Validation.Extended.UpdateAppointmentStatusHistoryValidator" filename="HMSService.Application\Validation\Extended\UpdateAppointmentStatusHistoryValidator.cs" line-rate="0" branch-rate="1" complexity="1">
          <methods>
            <method name=".ctor" signature="()" line-rate="0" branch-rate="1" complexity="1">
              <lines>
                <line number="8" hits="0" branch="False" />
                <line number="9" hits="0" branch="False" />
                <line number="11" hits="0" branch="False" />
              </lines>
            </method>
          </methods>
          <lines>
            <line number="8" hits="0" branch="False" />
            <line number="9" hits="0" branch="False" />
            <line number="11" hits="0" branch="False" />
          </lines>
        </class>
        <class name="HMSService.Application.Validation.Extended.UpdateBillingHeaderValidator" filename="HMSService.Application\Validation\Extended\UpdateBillingHeaderValidator.cs" line-rate="0" branch-rate="1" complexity="1">
          <methods>
            <method name=".ctor" signature="()" line-rate="0" branch-rate="1" complexity="1">
              <lines>
                <line number="8" hits="0" branch="False" />
                <line number="9" hits="0" branch="False" />
                <line number="11" hits="0" branch="False" />
              </lines>
            </method>
          </methods>
          <lines>
            <line number="8" hits="0" branch="False" />
            <line number="9" hits="0" branch="False" />
            <line number="11" hits="0" branch="False" />
          </lines>
        </class>
        <class name="HMSService.Application.Validation.Extended.UpdateBillingItemValidator" filename="HMSService.Application\Validation\Extended\UpdateBillingItemValidator.cs" line-rate="0" branch-rate="1" complexity="1">
          <methods>
            <method name=".ctor" signature="()" line-rate="0" branch-rate="1" complexity="1">
              <lines>
                <line number="8" hits="0" branch="False" />
                <line number="9" hits="0" branch="False" />
                <line number="11" hits="0" branch="False" />
              </lines>
            </method>
          </methods>
          <lines>
            <line number="8" hits="0" branch="False" />
            <line number="9" hits="0" branch="False" />
            <line number="11" hits="0" branch="False" />
          </lines>
        </class>
        <class name="HMSService.Application.Validation.Extended.UpdateClinicalNoteValidator" filename="HMSService.Application\Validation\Extended\UpdateClinicalNoteValidator.cs" line-rate="0" branch-rate="1" complexity="1">
          <methods>
            <method name=".ctor" signature="()" line-rate="0" branch-rate="1" complexity="1">
              <lines>
                <line number="8" hits="0" branch="False" />
                <line number="9" hits="0" branch="False" />
                <line number="11" hits="0" branch="False" />
              </lines>
            </method>
          </methods>
          <lines>
            <line number="8" hits="0" branch="False" />
            <line number="9" hits="0" branch="False" />
            <line number="11" hits="0" branch="False" />
          </lines>
        </class>
        <class name="HMSService.Application.Validation.Extended.UpdateDiagnosisValidator" filename="HMSService.Application\Validation\Extended\UpdateDiagnosisValidator.cs" line-rate="0" branch-rate="1" complexity="1">
          <methods>
            <method name=".ctor" signature="()" line-rate="0" branch-rate="1" complexity="1">
              <lines>
                <line number="8" hits="0" branch="False" />
                <line number="9" hits="0" branch="False" />
                <line number="11" hits="0" branch="False" />
              </lines>
            </method>
          </methods>
          <lines>
            <line number="8" hits="0" branch="False" />
            <line number="9" hits="0" branch="False" />
            <line number="11" hits="0" branch="False" />
          </lines>
        </class>
        <class name="HMSService.Application.Validation.Extended.UpdateMedicalProcedureValidator" filename="HMSService.Application\Validation\Extended\UpdateMedicalProcedureValidator.cs" line-rate="0" branch-rate="1" complexity="1">
          <methods>
            <method name=".ctor" signature="()" line-rate="0" branch-rate="1" complexity="1">
              <lines>
                <line number="8" hits="0" branch="False" />
                <line number="9" hits="0" branch="False" />
                <line number="11" hits="0" branch="False" />
              </lines>
            </method>
          </methods>
          <lines>
            <line number="8" hits="0" branch="False" />
            <line number="9" hits="0" branch="False" />
            <line number="11" hits="0" branch="False" />
          </lines>
        </class>
        <class name="HMSService.Application.Validation.Extended.UpdatePaymentModeValidator" filename="HMSService.Application\Validation\Extended\UpdatePaymentModeValidator.cs" line-rate="0" branch-rate="1" complexity="1">
          <methods>
            <method name=".ctor" signature="()" line-rate="0" branch-rate="1" complexity="1">
              <lines>
                <line number="8" hits="0" branch="False" />
                <line number="9" hits="0" branch="False" />
                <line number="11" hits="0" branch="False" />
              </lines>
            </method>
          </methods>
          <lines>
            <line number="8" hits="0" branch="False" />
            <line number="9" hits="0" branch="False" />
            <line number="11" hits="0" branch="False" />
          </lines>
        </class>
        <class name="HMSService.Application.Validation.Extended.UpdatePaymentTransactionValidator" filename="HMSService.Application\Validation\Extended\UpdatePaymentTransactionValidator.cs" line-rate="0" branch-rate="1" complexity="1">
          <methods>
            <method name=".ctor" signature="()" line-rate="0" branch-rate="1" complexity="1">
              <lines>
                <line number="8" hits="0" branch="False" />
                <line number="9" hits="0" branch="False" />
                <line number="11" hits="0" branch="False" />
              </lines>
            </method>
          </methods>
          <lines>
            <line number="8" hits="0" branch="False" />
            <line number="9" hits="0" branch="False" />
            <line number="11" hits="0" branch="False" />
          </lines>
        </class>
        <class name="HMSService.Application.Validation.Extended.UpdatePrescriptionItemValidator" filename="HMSService.Application\Validation\Extended\UpdatePrescriptionItemValidator.cs" line-rate="0" branch-rate="1" complexity="1">
          <methods>
            <method name=".ctor" signature="()" line-rate="0" branch-rate="1" complexity="1">
              <lines>
                <line number="8" hits="0" branch="False" />
                <line number="9" hits="0" branch="False" />
                <line number="11" hits="0" branch="False" />
              </lines>
            </method>
          </methods>
          <lines>
            <line number="8" hits="0" branch="False" />
            <line number="9" hits="0" branch="False" />
            <line number="11" hits="0" branch="False" />
          </lines>
        </class>
        <class name="HMSService.Application.Validation.Extended.UpdatePrescriptionNoteValidator" filename="HMSService.Application\Validation\Extended\UpdatePrescriptionNoteValidator.cs" line-rate="0" branch-rate="1" complexity="1">
          <methods>
            <method name=".ctor" signature="()" line-rate="0" branch-rate="1" complexity="1">
              <lines>
                <line number="8" hits="0" branch="False" />
                <line number="9" hits="0" branch="False" />
                <line number="11" hits="0" branch="False" />
              </lines>
            </method>
          </methods>
          <lines>
            <line number="8" hits="0" branch="False" />
            <line number="9" hits="0" branch="False" />
            <line number="11" hits="0" branch="False" />
          </lines>
        </class>
        <class name="HMSService.Application.Validation.Extended.UpdatePrescriptionValidator" filename="HMSService.Application\Validation\Extended\UpdatePrescriptionValidator.cs" line-rate="0" branch-rate="1" complexity="1">
          <methods>
            <method name=".ctor" signature="()" line-rate="0" branch-rate="1" complexity="1">
              <lines>
                <line number="8" hits="0" branch="False" />
                <line number="9" hits="0" branch="False" />
                <line number="11" hits="0" branch="False" />
              </lines>
            </method>
          </methods>
          <lines>
            <line number="8" hits="0" branch="False" />
            <line number="9" hits="0" branch="False" />
            <line number="11" hits="0" branch="False" />
          </lines>
        </class>
        <class name="HMSService.Application.Validation.Extended.UpdateVitalValidator" filename="HMSService.Application\Validation\Extended\UpdateVitalValidator.cs" line-rate="0" branch-rate="1" complexity="1">
          <methods>
            <method name=".ctor" signature="()" line-rate="0" branch-rate="1" complexity="1">
              <lines>
                <line number="8" hits="0" branch="False" />
                <line number="9" hits="0" branch="False" />
                <line number="11" hits="0" branch="False" />
              </lines>
            </method>
          </methods>
          <lines>
            <line number="8" hits="0" branch="False" />
            <line number="9" hits="0" branch="False" />
            <line number="11" hits="0" branch="False" />
          </lines>
        </class>
        <class name="HMSService.Application.Services.AppointmentService" filename="HMSService.Application\Services\AppointmentService.cs" line-rate="0.9166" branch-rate="0" complexity="4">
          <methods>
            <method name="GenerateNumber" signature="(System.String)" line-rate="1" branch-rate="1" complexity="1">
              <lines>
                <line number="185" hits="1" branch="False" />
              </lines>
            </method>
            <method name="IsAppointmentInFacilityScope" signature="(HMSService.Domain.Entities.HmsAppointment)" line-rate="0" branch-rate="0" complexity="2">
              <lines>
                <line number="188" hits="0" branch="True" condition-coverage="0% (0/2)">
                  <conditions>
                    <condition number="19" type="jump" coverage="0%" />
                  </conditions>
                </line>
              </lines>
            </method>
            <method name=".ctor" signature="(HMSService.Domain.Repositories.IAppointmentRepository,AutoMapper.IMapper,Healthcare.Common.MultiTenancy.ITenantContext,FluentValidation.IValidator`1&lt;HMSService.Application.DTOs.Appointments.CreateAppointmentDto&gt;,FluentValidation.IValidator`1&lt;HMSService.Application.DTOs.Appointments.UpdateAppointmentDto&gt;,HMSService.Application.Abstractions.INotificationHelper,Healthcare.Common.Integration.SharedService.IFacilityTenantValidator,Microsoft.Extensions.Logging.ILogger`1&lt;HMSService.Application.Services.AppointmentService&gt;)" line-rate="1" branch-rate="1" complexity="1">
              <lines>
                <line number="35" hits="4" branch="False" />
                <line number="36" hits="4" branch="False" />
                <line number="37" hits="4" branch="False" />
                <line number="38" hits="4" branch="False" />
                <line number="39" hits="4" branch="False" />
                <line number="40" hits="4" branch="False" />
                <line number="41" hits="4" branch="False" />
                <line number="42" hits="4" branch="False" />
                <line number="43" hits="4" branch="False" />
                <line number="44" hits="4" branch="False" />
              </lines>
            </method>
          </methods>
          <lines>
            <line number="185" hits="1" branch="False" />
            <line number="188" hits="0" branch="True" condition-coverage="0% (0/2)">
              <conditions>
                <condition number="19" type="jump" coverage="0%" />
              </conditions>
            </line>
            <line number="35" hits="4" branch="False" />
            <line number="36" hits="4" branch="False" />
            <line number="37" hits="4" branch="False" />
            <line number="38" hits="4" branch="False" />
            <line number="39" hits="4" branch="False" />
            <line number="40" hits="4" branch="False" />
            <line number="41" hits="4" branch="False" />
            <line number="42" hits="4" branch="False" />
            <line number="43" hits="4" branch="False" />
            <line number="44" hits="4" branch="False" />
          </lines>
        </class>
        <class name="HMSService.Application.Services.AuditHelper" filename="HMSService.Application\Services\AuditHelper.cs" line-rate="0.7333" branch-rate="1" complexity="2">
          <methods>
            <method name="ApplyCreate" signature="(Healthcare.Common.Entities.BaseEntity,Healthcare.Common.MultiTenancy.ITenantContext)" line-rate="1" branch-rate="1" complexity="1">
              <lines>
                <line number="9" hits="2" branch="False" />
                <line number="10" hits="2" branch="False" />
                <line number="11" hits="2" branch="False" />
                <line number="13" hits="2" branch="False" />
                <line number="14" hits="2" branch="False" />
                <line number="15" hits="2" branch="False" />
                <line number="16" hits="2" branch="False" />
                <line number="17" hits="2" branch="False" />
                <line number="18" hits="2" branch="False" />
                <line number="19" hits="2" branch="False" />
                <line number="20" hits="2" branch="False" />
              </lines>
            </method>
            <method name="ApplyUpdate" signature="(Healthcare.Common.Entities.BaseEntity,Healthcare.Common.MultiTenancy.ITenantContext)" line-rate="0" branch-rate="1" complexity="1">
              <lines>
                <line number="23" hits="0" branch="False" />
                <line number="24" hits="0" branch="False" />
                <line number="25" hits="0" branch="False" />
                <line number="26" hits="0" branch="False" />
              </lines>
            </method>
          </methods>
          <lines>
            <line number="9" hits="2" branch="False" />
            <line number="10" hits="2" branch="False" />
            <line number="11" hits="2" branch="False" />
            <line number="13" hits="2" branch="False" />
            <line number="14" hits="2" branch="False" />
            <line number="15" hits="2" branch="False" />
            <line number="16" hits="2" branch="False" />
            <line number="17" hits="2" branch="False" />
            <line number="18" hits="2" branch="False" />
            <line number="19" hits="2" branch="False" />
            <line number="20" hits="2" branch="False" />
            <line number="23" hits="0" branch="False" />
            <line number="24" hits="0" branch="False" />
            <line number="25" hits="0" branch="False" />
            <line number="26" hits="0" branch="False" />
          </lines>
        </class>
        <class name="HMSService.Application.Services.NotificationHelper" filename="HMSService.Application\Services\NotificationHelper.cs" line-rate="0" branch-rate="1" complexity="1">
          <methods>
            <method name=".ctor" signature="(CommunicationService.Contracts.Notifications.INotificationApiClient,Microsoft.Extensions.Options.IOptions`1&lt;HMSService.Application.Options.HmsNotificationIntegrationOptions&gt;,Microsoft.Extensions.Logging.ILogger`1&lt;HMSService.Application.Services.NotificationHelper&gt;)" line-rate="0" branch-rate="1" complexity="1">
              <lines>
                <line number="20" hits="0" branch="False" />
                <line number="21" hits="0" branch="False" />
                <line number="22" hits="0" branch="False" />
                <line number="23" hits="0" branch="False" />
                <line number="24" hits="0" branch="False" />
              </lines>
            </method>
          </methods>
          <lines>
            <line number="20" hits="0" branch="False" />
            <line number="21" hits="0" branch="False" />
            <line number="22" hits="0" branch="False" />
            <line number="23" hits="0" branch="False" />
            <line number="24" hits="0" branch="False" />
          </lines>
        </class>
        <class name="HMSService.Application.Services.VisitService" filename="HMSService.Application\Services\VisitService.cs" line-rate="1" branch-rate="0.5" complexity="4">
          <methods>
            <method name="GenerateNumber" signature="(System.String)" line-rate="1" branch-rate="1" complexity="1">
              <lines>
                <line number="189" hits="1" branch="False" />
              </lines>
            </method>
            <method name="IsVisitInFacilityScope" signature="(HMSService.Domain.Entities.HmsVisit)" line-rate="1" branch-rate="0.5" complexity="2">
              <lines>
                <line number="192" hits="1" branch="True" condition-coverage="50% (1/2)">
                  <conditions>
                    <condition number="19" type="jump" coverage="50%" />
                  </conditions>
                </line>
              </lines>
            </method>
            <method name=".ctor" signature="(HMSService.Domain.Repositories.IVisitRepository,HMSService.Domain.Repositories.IAppointmentRepository,AutoMapper.IMapper,Healthcare.Common.MultiTenancy.ITenantContext,FluentValidation.IValidator`1&lt;HMSService.Application.DTOs.Visits.CreateVisitDto&gt;,FluentValidation.IValidator`1&lt;HMSService.Application.DTOs.Visits.UpdateVisitDto&gt;,Healthcare.Common.Integration.SharedService.IFacilityTenantValidator,Microsoft.Extensions.Logging.ILogger`1&lt;HMSService.Application.Services.VisitService&gt;)" line-rate="1" branch-rate="1" complexity="1">
              <lines>
                <line number="34" hits="6" branch="False" />
                <line number="35" hits="6" branch="False" />
                <line number="36" hits="6" branch="False" />
                <line number="37" hits="6" branch="False" />
                <line number="38" hits="6" branch="False" />
                <line number="39" hits="6" branch="False" />
                <line number="40" hits="6" branch="False" />
                <line number="41" hits="6" branch="False" />
                <line number="42" hits="6" branch="False" />
                <line number="43" hits="6" branch="False" />
              </lines>
            </method>
          </methods>
          <lines>
            <line number="189" hits="1" branch="False" />
            <line number="192" hits="1" branch="True" condition-coverage="50% (1/2)">
              <conditions>
                <condition number="19" type="jump" coverage="50%" />
              </conditions>
            </line>
            <line number="34" hits="6" branch="False" />
            <line number="35" hits="6" branch="False" />
            <line number="36" hits="6" branch="False" />
            <line number="37" hits="6" branch="False" />
            <line number="38" hits="6" branch="False" />
            <line number="39" hits="6" branch="False" />
            <line number="40" hits="6" branch="False" />
            <line number="41" hits="6" branch="False" />
            <line number="42" hits="6" branch="False" />
            <line number="43" hits="6" branch="False" />
          </lines>
        </class>
        <class name="HMSService.Application.Services.Extended.HmsCrudServiceBase`5" filename="HMSService.Application\Services\Extended\HmsCrudServiceBase.cs" line-rate="0.7272" branch-rate="0" complexity="10">
          <methods>
            <method name="get_RequiresFacilityId" signature="()" line-rate="1" branch-rate="1" complexity="1">
              <lines>
                <line number="49" hits="2" branch="False" />
              </lines>
            </method>
            <method name="OnBeforeCreateAsync" signature="(TEntity,TCreate,System.Threading.CancellationToken)" line-rate="0" branch-rate="1" complexity="1">
              <lines>
                <line number="154" hits="0" branch="False" />
              </lines>
            </method>
            <method name="IsEntityInFacilityScope" signature="(TEntity)" line-rate="0" branch-rate="0" complexity="6">
              <lines>
                <line number="216" hits="0" branch="False" />
                <line number="217" hits="0" branch="True" condition-coverage="0% (0/4)">
                  <conditions>
                    <condition number="7" type="jump" coverage="0%" />
                    <condition number="36" type="jump" coverage="0%" />
                  </conditions>
                </line>
                <line number="218" hits="0" branch="False" />
                <line number="219" hits="0" branch="True" condition-coverage="0% (0/2)">
                  <conditions>
                    <condition number="61" type="jump" coverage="0%" />
                  </conditions>
                </line>
                <line number="220" hits="0" branch="False" />
              </lines>
            </method>
            <method name="AndAlsoFilters" signature="(System.Linq.Expressions.Expression`1&lt;System.Func`2&lt;TEntity,System.Boolean&gt;&gt;,System.Linq.Expressions.Expression`1&lt;System.Func`2&lt;TEntity,System.Boolean&gt;&gt;)" line-rate="1" branch-rate="1" complexity="1">
              <lines>
                <line number="225" hits="1" branch="False" />
                <line number="226" hits="1" branch="False" />
                <line number="227" hits="1" branch="False" />
                <line number="228" hits="1" branch="False" />
                <line number="229" hits="1" branch="False" />
                <line number="230" hits="1" branch="False" />
              </lines>
            </method>
            <method name=".ctor" signature="(HMSService.Domain.Repositories.IRepository`1&lt;TEntity&gt;,AutoMapper.IMapper,Healthcare.Common.MultiTenancy.ITenantContext,FluentValidation.IValidator`1&lt;TCreate&gt;,FluentValidation.IValidator`1&lt;TUpdate&gt;,Healthcare.Common.Integration.SharedService.IFacilityTenantValidator,Microsoft.Extensions.Logging.ILogger`1&lt;TService&gt;)" line-rate="1" branch-rate="1" complexity="1">
              <lines>
                <line number="38" hits="3" branch="False" />
                <line number="39" hits="3" branch="False" />
                <line number="40" hits="3" branch="False" />
                <line number="41" hits="3" branch="False" />
                <line number="42" hits="3" branch="False" />
                <line number="43" hits="3" branch="False" />
                <line number="44" hits="3" branch="False" />
                <line number="45" hits="3" branch="False" />
                <line number="46" hits="3" branch="False" />
              </lines>
            </method>
          </methods>
          <lines>
            <line number="49" hits="2" branch="False" />
            <line number="154" hits="0" branch="False" />
            <line number="216" hits="0" branch="False" />
            <line number="217" hits="0" branch="True" condition-coverage="0% (0/4)">
              <conditions>
                <condition number="7" type="jump" coverage="0%" />
                <condition number="36" type="jump" coverage="0%" />
              </conditions>
            </line>
            <line number="218" hits="0" branch="False" />
            <line number="219" hits="0" branch="True" condition-coverage="0% (0/2)">
              <conditions>
                <condition number="61" type="jump" coverage="0%" />
              </conditions>
            </line>
            <line number="220" hits="0" branch="False" />
            <line number="225" hits="1" branch="False" />
            <line number="226" hits="1" branch="False" />
            <line number="227" hits="1" branch="False" />
            <line number="228" hits="1" branch="False" />
            <line number="229" hits="1" branch="False" />
            <line number="230" hits="1" branch="False" />
            <line number="38" hits="3" branch="False" />
            <line number="39" hits="3" branch="False" />
            <line number="40" hits="3" branch="False" />
            <line number="41" hits="3" branch="False" />
            <line number="42" hits="3" branch="False" />
            <line number="43" hits="3" branch="False" />
            <line number="44" hits="3" branch="False" />
            <line number="45" hits="3" branch="False" />
            <line number="46" hits="3" branch="False" />
          </lines>
        </class>
        <class name="HMSService.Application.Services.Extended.HmsCrudServiceBase`5/HmsReplaceParameterVisitor" filename="HMSService.Application\Services\Extended\HmsCrudServiceBase.cs" line-rate="1" branch-rate="0.5" complexity="3">
          <methods>
            <method name="VisitParameter" signature="(System.Linq.Expressions.ParameterExpression)" line-rate="1" branch-rate="0.5" complexity="2">
              <lines>
                <line number="244" hits="2" branch="True" condition-coverage="50% (1/2)">
                  <conditions>
                    <condition number="7" type="jump" coverage="50%" />
                  </conditions>
                </line>
              </lines>
            </method>
            <method name=".ctor" signature="(System.Linq.Expressions.ParameterExpression,System.Linq.Expressions.ParameterExpression)" line-rate="1" branch-rate="1" complexity="1">
              <lines>
                <line number="237" hits="2" branch="False" />
                <line number="238" hits="2" branch="False" />
                <line number="239" hits="2" branch="False" />
                <line number="240" hits="2" branch="False" />
                <line number="241" hits="2" branch="False" />
              </lines>
            </method>
          </methods>
          <lines>
            <line number="244" hits="2" branch="True" condition-coverage="50% (1/2)">
              <conditions>
                <condition number="7" type="jump" coverage="50%" />
              </conditions>
            </line>
            <line number="237" hits="2" branch="False" />
            <line number="238" hits="2" branch="False" />
            <line number="239" hits="2" branch="False" />
            <line number="240" hits="2" branch="False" />
            <line number="241" hits="2" branch="False" />
          </lines>
        </class>
        <class name="HMSService.Application.Services.Extended.HmsDocumentNumberHelper" filename="HMSService.Application\Services\Extended\HmsDocumentNumberHelper.cs" line-rate="0" branch-rate="1" complexity="1">
          <methods>
            <method name="Generate" signature="(System.String)" line-rate="0" branch-rate="1" complexity="1">
              <lines>
                <line number="7" hits="0" branch="False" />
              </lines>
            </method>
          </methods>
          <lines>
            <line number="7" hits="0" branch="False" />
          </lines>
        </class>
        <class name="HMSService.Application.Services.Extended.AppointmentStatusHistoryService" filename="HMSService.Application\Services\Extended\HmsExtendedEntityServices.cs" line-rate="0" branch-rate="0" complexity="3">
          <methods>
            <method name="GetPagedAsync" signature="(Healthcare.Common.Pagination.PagedQuery,System.Nullable`1&lt;System.Int64&gt;,System.Threading.CancellationToken)" line-rate="0" branch-rate="0" complexity="2">
              <lines>
                <line number="35" hits="0" branch="True" condition-coverage="0% (0/2)">
                  <conditions>
                    <condition number="26" type="jump" coverage="0%" />
                  </conditions>
                </line>
                <line number="36" hits="0" branch="False" />
                <line number="37" hits="0" branch="False" />
                <line number="38" hits="0" branch="False" />
              </lines>
            </method>
            <method name=".ctor" signature="(HMSService.Domain.Repositories.IRepository`1&lt;HMSService.Domain.Entities.HmsAppointmentStatusHistory&gt;,AutoMapper.IMapper,Healthcare.Common.MultiTenancy.ITenantContext,FluentValidation.IValidator`1&lt;HMSService.Application.DTOs.Extended.CreateAppointmentStatusHistoryDto&gt;,FluentValidation.IValidator`1&lt;HMSService.Application.DTOs.Extended.UpdateAppointmentStatusHistoryDto&gt;,Healthcare.Common.Integration.SharedService.IFacilityTenantValidator,Microsoft.Extensions.Logging.ILogger`1&lt;HMSService.Application.Services.Extended.AppointmentStatusHistoryService&gt;)" line-rate="0" branch-rate="1" complexity="1">
              <lines>
                <line number="27" hits="0" branch="False" />
                <line number="28" hits="0" branch="False" />
                <line number="29" hits="0" branch="False" />
              </lines>
            </method>
          </methods>
          <lines>
            <line number="35" hits="0" branch="True" condition-coverage="0% (0/2)">
              <conditions>
                <condition number="26" type="jump" coverage="0%" />
              </conditions>
            </line>
            <line number="36" hits="0" branch="False" />
            <line number="37" hits="0" branch="False" />
            <line number="38" hits="0" branch="False" />
            <line number="27" hits="0" branch="False" />
            <line number="28" hits="0" branch="False" />
            <line number="29" hits="0" branch="False" />
          </lines>
        </class>
        <class name="HMSService.Application.Services.Extended.AppointmentQueueService" filename="HMSService.Application\Services\Extended\HmsExtendedEntityServices.cs" line-rate="0" branch-rate="0" complexity="3">
          <methods>
            <method name="GetPagedAsync" signature="(Healthcare.Common.Pagination.PagedQuery,System.Nullable`1&lt;System.Int64&gt;,System.Threading.CancellationToken)" line-rate="0" branch-rate="0" complexity="2">
              <lines>
                <line number="71" hits="0" branch="True" condition-coverage="0% (0/2)">
                  <conditions>
                    <condition number="26" type="jump" coverage="0%" />
                  </conditions>
                </line>
                <line number="72" hits="0" branch="False" />
                <line number="73" hits="0" branch="False" />
                <line number="74" hits="0" branch="False" />
              </lines>
            </method>
            <method name=".ctor" signature="(HMSService.Domain.Repositories.IRepository`1&lt;HMSService.Domain.Entities.HmsAppointmentQueue&gt;,AutoMapper.IMapper,Healthcare.Common.MultiTenancy.ITenantContext,FluentValidation.IValidator`1&lt;HMSService.Application.DTOs.Extended.CreateAppointmentQueueDto&gt;,FluentValidation.IValidator`1&lt;HMSService.Application.DTOs.Extended.UpdateAppointmentQueueDto&gt;,Healthcare.Common.Integration.SharedService.IFacilityTenantValidator,Microsoft.Extensions.Logging.ILogger`1&lt;HMSService.Application.Services.Extended.AppointmentQueueService&gt;)" line-rate="0" branch-rate="1" complexity="1">
              <lines>
                <line number="53" hits="0" branch="False" />
                <line number="54" hits="0" branch="False" />
                <line number="55" hits="0" branch="False" />
              </lines>
            </method>
          </methods>
          <lines>
            <line number="71" hits="0" branch="True" condition-coverage="0% (0/2)">
              <conditions>
                <condition number="26" type="jump" coverage="0%" />
              </conditions>
            </line>
            <line number="72" hits="0" branch="False" />
            <line number="73" hits="0" branch="False" />
            <line number="74" hits="0" branch="False" />
            <line number="53" hits="0" branch="False" />
            <line number="54" hits="0" branch="False" />
            <line number="55" hits="0" branch="False" />
          </lines>
[...]
            <line number="29" hits="13" branch="False" />
            <line number="30" hits="13" branch="False" />
            <line number="31" hits="13" branch="False" />
            <line number="33" hits="13" branch="False" />
            <line number="34" hits="13" branch="False" />
            <line number="35" hits="13" branch="False" />
            <line number="36" hits="13" branch="False" />
            <line number="37" hits="13" branch="False" />
            <line number="38" hits="13" branch="False" />
            <line number="39" hits="13" branch="False" />
            <line number="40" hits="13" branch="False" />
            <line number="41" hits="13" branch="False" />
            <line number="42" hits="13" branch="False" />
            <line number="43" hits="13" branch="False" />
            <line number="44" hits="13" branch="False" />
            <line number="45" hits="13" branch="False" />
            <line number="48" hits="13" branch="False" />
            <line number="49" hits="13" branch="False" />
            <line number="50" hits="13" branch="False" />
            <line number="51" hits="13" branch="False" />
            <line number="52" hits="13" branch="False" />
            <line number="53" hits="13" branch="False" />
            <line number="54" hits="13" branch="False" />
            <line number="55" hits="13" branch="False" />
            <line number="56" hits="13" branch="False" />
            <line number="57" hits="13" branch="False" />
            <line number="58" hits="13" branch="False" />
            <line number="59" hits="13" branch="False" />
            <line number="60" hits="13" branch="False" />
            <line number="61" hits="13" branch="False" />
            <line number="62" hits="13" branch="False" />
            <line number="63" hits="13" branch="False" />
            <line number="64" hits="13" branch="False" />
            <line number="65" hits="13" branch="False" />
            <line number="66" hits="13" branch="False" />
            <line number="67" hits="13" branch="False" />
            <line number="68" hits="13" branch="False" />
            <line number="69" hits="13" branch="False" />
            <line number="70" hits="13" branch="False" />
            <line number="72" hits="13" branch="False" />
            <line number="73" hits="13" branch="False" />
            <line number="74" hits="13" branch="False" />
            <line number="75" hits="13" branch="False" />
            <line number="76" hits="13" branch="False" />
            <line number="77" hits="13" branch="False" />
            <line number="78" hits="13" branch="False" />
            <line number="79" hits="13" branch="False" />
            <line number="80" hits="13" branch="False" />
            <line number="81" hits="13" branch="False" />
            <line number="82" hits="13" branch="False" />
            <line number="83" hits="13" branch="False" />
            <line number="84" hits="13" branch="False" />
            <line number="85" hits="13" branch="False" />
            <line number="86" hits="13" branch="False" />
            <line number="87" hits="13" branch="False" />
            <line number="88" hits="13" branch="False" />
            <line number="89" hits="13" branch="False" />
            <line number="90" hits="13" branch="False" />
            <line number="91" hits="13" branch="False" />
            <line number="92" hits="13" branch="False" />
            <line number="93" hits="13" branch="False" />
            <line number="94" hits="13" branch="False" />
            <line number="96" hits="13" branch="False" />
            <line number="97" hits="13" branch="False" />
            <line number="98" hits="13" branch="False" />
            <line number="99" hits="13" branch="False" />
            <line number="100" hits="13" branch="False" />
            <line number="101" hits="13" branch="False" />
            <line number="102" hits="13" branch="False" />
            <line number="103" hits="13" branch="False" />
            <line number="104" hits="13" branch="False" />
            <line number="105" hits="13" branch="False" />
            <line number="106" hits="13" branch="False" />
            <line number="107" hits="13" branch="False" />
            <line number="108" hits="13" branch="False" />
            <line number="109" hits="13" branch="False" />
            <line number="110" hits="13" branch="False" />
            <line number="111" hits="13" branch="False" />
            <line number="112" hits="13" branch="False" />
            <line number="113" hits="13" branch="False" />
            <line number="114" hits="13" branch="False" />
            <line number="115" hits="13" branch="False" />
            <line number="116" hits="13" branch="False" />
            <line number="117" hits="13" branch="False" />
            <line number="118" hits="13" branch="False" />
            <line number="120" hits="13" branch="False" />
            <line number="121" hits="13" branch="False" />
            <line number="122" hits="13" branch="False" />
            <line number="123" hits="13" branch="False" />
            <line number="124" hits="13" branch="False" />
            <line number="125" hits="13" branch="False" />
            <line number="126" hits="13" branch="False" />
            <line number="127" hits="13" branch="False" />
            <line number="128" hits="13" branch="False" />
            <line number="129" hits="13" branch="False" />
            <line number="130" hits="13" branch="False" />
            <line number="131" hits="13" branch="False" />
            <line number="132" hits="13" branch="False" />
            <line number="133" hits="13" branch="False" />
            <line number="134" hits="13" branch="False" />
            <line number="135" hits="13" branch="False" />
            <line number="136" hits="13" branch="False" />
            <line number="137" hits="13" branch="False" />
            <line number="138" hits="13" branch="False" />
            <line number="139" hits="13" branch="False" />
            <line number="140" hits="13" branch="False" />
            <line number="141" hits="13" branch="False" />
            <line number="142" hits="13" branch="False" />
            <line number="144" hits="13" branch="False" />
            <line number="145" hits="13" branch="False" />
            <line number="146" hits="13" branch="False" />
            <line number="147" hits="13" branch="False" />
            <line number="148" hits="13" branch="False" />
            <line number="149" hits="13" branch="False" />
            <line number="150" hits="13" branch="False" />
            <line number="151" hits="13" branch="False" />
            <line number="152" hits="13" branch="False" />
            <line number="153" hits="13" branch="False" />
            <line number="154" hits="13" branch="False" />
            <line number="155" hits="13" branch="False" />
            <line number="156" hits="13" branch="False" />
            <line number="157" hits="13" branch="False" />
            <line number="158" hits="13" branch="False" />
            <line number="159" hits="13" branch="False" />
            <line number="160" hits="13" branch="False" />
            <line number="161" hits="13" branch="False" />
            <line number="162" hits="13" branch="False" />
            <line number="163" hits="13" branch="False" />
            <line number="164" hits="13" branch="False" />
            <line number="165" hits="13" branch="False" />
            <line number="166" hits="13" branch="False" />
            <line number="168" hits="13" branch="False" />
            <line number="169" hits="13" branch="False" />
            <line number="170" hits="13" branch="False" />
            <line number="171" hits="13" branch="False" />
            <line number="172" hits="13" branch="False" />
            <line number="173" hits="13" branch="False" />
            <line number="174" hits="13" branch="False" />
            <line number="175" hits="13" branch="False" />
            <line number="176" hits="13" branch="False" />
            <line number="177" hits="13" branch="False" />
            <line number="178" hits="13" branch="False" />
            <line number="179" hits="13" branch="False" />
            <line number="180" hits="13" branch="False" />
            <line number="181" hits="13" branch="False" />
            <line number="182" hits="13" branch="False" />
            <line number="183" hits="13" branch="False" />
            <line number="184" hits="13" branch="False" />
            <line number="185" hits="13" branch="False" />
            <line number="186" hits="13" branch="False" />
            <line number="187" hits="13" branch="False" />
            <line number="188" hits="13" branch="False" />
            <line number="189" hits="13" branch="False" />
            <line number="190" hits="13" branch="False" />
            <line number="192" hits="13" branch="False" />
            <line number="193" hits="13" branch="False" />
            <line number="194" hits="13" branch="False" />
            <line number="195" hits="13" branch="False" />
            <line number="196" hits="13" branch="False" />
            <line number="197" hits="13" branch="False" />
            <line number="198" hits="13" branch="False" />
            <line number="199" hits="13" branch="False" />
            <line number="200" hits="13" branch="False" />
            <line number="201" hits="13" branch="False" />
            <line number="202" hits="13" branch="False" />
            <line number="203" hits="13" branch="False" />
            <line number="204" hits="13" branch="False" />
            <line number="205" hits="13" branch="False" />
            <line number="206" hits="13" branch="False" />
            <line number="207" hits="13" branch="False" />
            <line number="208" hits="13" branch="False" />
            <line number="209" hits="13" branch="False" />
            <line number="210" hits="13" branch="False" />
            <line number="211" hits="13" branch="False" />
            <line number="212" hits="13" branch="False" />
            <line number="213" hits="13" branch="False" />
            <line number="214" hits="13" branch="False" />
            <line number="216" hits="13" branch="False" />
            <line number="217" hits="13" branch="False" />
            <line number="218" hits="13" branch="False" />
            <line number="219" hits="13" branch="False" />
            <line number="220" hits="13" branch="False" />
            <line number="221" hits="13" branch="False" />
            <line number="222" hits="13" branch="False" />
            <line number="223" hits="13" branch="False" />
            <line number="224" hits="13" branch="False" />
            <line number="225" hits="13" branch="False" />
            <line number="226" hits="13" branch="False" />
            <line number="227" hits="13" branch="False" />
            <line number="228" hits="13" branch="False" />
            <line number="229" hits="13" branch="False" />
            <line number="230" hits="13" branch="False" />
            <line number="231" hits="13" branch="False" />
            <line number="232" hits="13" branch="False" />
            <line number="233" hits="13" branch="False" />
            <line number="234" hits="13" branch="False" />
            <line number="235" hits="13" branch="False" />
            <line number="236" hits="13" branch="False" />
            <line number="237" hits="13" branch="False" />
            <line number="238" hits="13" branch="False" />
            <line number="240" hits="13" branch="False" />
            <line number="241" hits="13" branch="False" />
            <line number="242" hits="13" branch="False" />
            <line number="243" hits="13" branch="False" />
            <line number="244" hits="13" branch="False" />
            <line number="245" hits="13" branch="False" />
            <line number="246" hits="13" branch="False" />
            <line number="247" hits="13" branch="False" />
            <line number="248" hits="13" branch="False" />
            <line number="249" hits="13" branch="False" />
            <line number="250" hits="13" branch="False" />
            <line number="251" hits="13" branch="False" />
            <line number="252" hits="13" branch="False" />
            <line number="253" hits="13" branch="False" />
            <line number="254" hits="13" branch="False" />
            <line number="255" hits="13" branch="False" />
            <line number="256" hits="13" branch="False" />
            <line number="257" hits="13" branch="False" />
            <line number="258" hits="13" branch="False" />
            <line number="259" hits="13" branch="False" />
            <line number="260" hits="13" branch="False" />
            <line number="261" hits="13" branch="False" />
            <line number="262" hits="13" branch="False" />
            <line number="264" hits="13" branch="False" />
            <line number="265" hits="13" branch="False" />
            <line number="266" hits="13" branch="False" />
            <line number="267" hits="13" branch="False" />
            <line number="268" hits="13" branch="False" />
            <line number="269" hits="13" branch="False" />
            <line number="270" hits="13" branch="False" />
            <line number="271" hits="13" branch="False" />
            <line number="272" hits="13" branch="False" />
            <line number="273" hits="13" branch="False" />
            <line number="274" hits="13" branch="False" />
            <line number="275" hits="13" branch="False" />
            <line number="276" hits="13" branch="False" />
            <line number="277" hits="13" branch="False" />
            <line number="278" hits="13" branch="False" />
            <line number="279" hits="13" branch="False" />
            <line number="280" hits="13" branch="False" />
            <line number="281" hits="13" branch="False" />
            <line number="282" hits="13" branch="False" />
            <line number="283" hits="13" branch="False" />
            <line number="284" hits="13" branch="False" />
            <line number="285" hits="13" branch="False" />
            <line number="286" hits="13" branch="False" />
            <line number="288" hits="13" branch="False" />
            <line number="289" hits="13" branch="False" />
            <line number="290" hits="13" branch="False" />
            <line number="291" hits="13" branch="False" />
            <line number="292" hits="13" branch="False" />
            <line number="293" hits="13" branch="False" />
            <line number="294" hits="13" branch="False" />
            <line number="295" hits="13" branch="False" />
            <line number="296" hits="13" branch="False" />
            <line number="297" hits="13" branch="False" />
            <line number="298" hits="13" branch="False" />
            <line number="299" hits="13" branch="False" />
            <line number="300" hits="13" branch="False" />
            <line number="301" hits="13" branch="False" />
            <line number="302" hits="13" branch="False" />
            <line number="303" hits="13" branch="False" />
            <line number="304" hits="13" branch="False" />
            <line number="305" hits="13" branch="False" />
            <line number="306" hits="13" branch="False" />
            <line number="307" hits="13" branch="False" />
            <line number="308" hits="13" branch="False" />
            <line number="309" hits="13" branch="False" />
            <line number="310" hits="13" branch="False" />
            <line number="312" hits="13" branch="False" />
            <line number="313" hits="13" branch="False" />
            <line number="314" hits="13" branch="False" />
            <line number="315" hits="13" branch="False" />
            <line number="316" hits="13" branch="False" />
            <line number="317" hits="13" branch="False" />
            <line number="318" hits="13" branch="False" />
            <line number="319" hits="13" branch="False" />
            <line number="320" hits="13" branch="False" />
            <line number="321" hits="13" branch="False" />
            <line number="322" hits="13" branch="False" />
            <line number="323" hits="13" branch="False" />
            <line number="324" hits="13" branch="False" />
            <line number="325" hits="13" branch="False" />
            <line number="326" hits="13" branch="False" />
            <line number="327" hits="13" branch="False" />
            <line number="328" hits="13" branch="False" />
            <line number="329" hits="13" branch="False" />
            <line number="330" hits="13" branch="False" />
            <line number="331" hits="13" branch="False" />
            <line number="332" hits="13" branch="False" />
            <line number="333" hits="13" branch="False" />
            <line number="334" hits="13" branch="False" />
            <line number="336" hits="13" branch="False" />
            <line number="337" hits="13" branch="False" />
            <line number="338" hits="13" branch="False" />
            <line number="339" hits="13" branch="False" />
            <line number="340" hits="13" branch="False" />
            <line number="341" hits="13" branch="False" />
            <line number="342" hits="13" branch="False" />
            <line number="343" hits="13" branch="False" />
            <line number="344" hits="13" branch="False" />
            <line number="345" hits="13" branch="False" />
            <line number="346" hits="13" branch="False" />
            <line number="347" hits="13" branch="False" />
            <line number="348" hits="13" branch="False" />
            <line number="349" hits="13" branch="False" />
            <line number="350" hits="13" branch="False" />
            <line number="351" hits="13" branch="False" />
            <line number="352" hits="13" branch="False" />
            <line number="353" hits="13" branch="False" />
            <line number="354" hits="13" branch="False" />
            <line number="355" hits="13" branch="False" />
            <line number="356" hits="13" branch="False" />
            <line number="357" hits="13" branch="False" />
            <line number="358" hits="13" branch="False" />
            <line number="360" hits="13" branch="False" />
            <line number="361" hits="13" branch="False" />
            <line number="362" hits="13" branch="False" />
            <line number="363" hits="13" branch="False" />
            <line number="364" hits="13" branch="False" />
            <line number="365" hits="13" branch="False" />
            <line number="366" hits="13" branch="False" />
            <line number="367" hits="13" branch="False" />
            <line number="368" hits="13" branch="False" />
            <line number="369" hits="13" branch="False" />
            <line number="370" hits="13" branch="False" />
            <line number="371" hits="13" branch="False" />
            <line number="372" hits="13" branch="False" />
            <line number="373" hits="13" branch="False" />
            <line number="374" hits="13" branch="False" />
            <line number="375" hits="13" branch="False" />
            <line number="376" hits="13" branch="False" />
            <line number="377" hits="13" branch="False" />
            <line number="378" hits="13" branch="False" />
            <line number="379" hits="13" branch="False" />
            <line number="380" hits="13" branch="False" />
            <line number="381" hits="13" branch="False" />
            <line number="382" hits="13" branch="False" />
          </lines>
        </class>
      </classes>
    </package>
  </packages>
</coverage>